{"/home/traning/Desktop/25sep/server/app.js":{"path":"/home/traning/Desktop/25sep/server/app.js","statementMap":{"0":{"start":{"line":3,"column":0},"end":{"line":5,"column":3}},"1":{"start":{"line":7,"column":14},"end":{"line":7,"column":33}},"2":{"start":{"line":9,"column":15},"end":{"line":9,"column":46}},"3":{"start":{"line":11,"column":18},"end":{"line":11,"column":40}},"4":{"start":{"line":13,"column":19},"end":{"line":13,"column":54}},"5":{"start":{"line":15,"column":20},"end":{"line":15,"column":44}},"6":{"start":{"line":17,"column":21},"end":{"line":17,"column":58}},"7":{"start":{"line":19,"column":13},"end":{"line":19,"column":29}},"8":{"start":{"line":21,"column":14},"end":{"line":21,"column":44}},"9":{"start":{"line":23,"column":15},"end":{"line":23,"column":33}},"10":{"start":{"line":25,"column":16},"end":{"line":25,"column":48}},"11":{"start":{"line":27,"column":14},"end":{"line":27,"column":39}},"12":{"start":{"line":29,"column":15},"end":{"line":29,"column":46}},"13":{"start":{"line":31,"column":12},"end":{"line":31,"column":27}},"14":{"start":{"line":33,"column":13},"end":{"line":33,"column":42}},"15":{"start":{"line":35,"column":14},"end":{"line":35,"column":40}},"16":{"start":{"line":37,"column":15},"end":{"line":37,"column":46}},"17":{"start":{"line":39,"column":16},"end":{"line":39,"column":35}},"18":{"start":{"line":41,"column":17},"end":{"line":41,"column":50}},"19":{"start":{"line":43,"column":22},"end":{"line":43,"column":48}},"20":{"start":{"line":45,"column":23},"end":{"line":45,"column":62}},"21":{"start":{"line":47,"column":12},"end":{"line":47,"column":27}},"22":{"start":{"line":49,"column":13},"end":{"line":49,"column":42}},"23":{"start":{"line":51,"column":12},"end":{"line":51,"column":36}},"24":{"start":{"line":53,"column":13},"end":{"line":53,"column":42}},"25":{"start":{"line":55,"column":15},"end":{"line":55,"column":42}},"26":{"start":{"line":57,"column":16},"end":{"line":57,"column":48}},"27":{"start":{"line":59,"column":16},"end":{"line":59,"column":44}},"28":{"start":{"line":61,"column":17},"end":{"line":61,"column":50}},"29":{"start":{"line":63,"column":13},"end":{"line":63,"column":38}},"30":{"start":{"line":65,"column":14},"end":{"line":65,"column":44}},"31":{"start":{"line":67,"column":21},"end":{"line":67,"column":54}},"32":{"start":{"line":69,"column":22},"end":{"line":69,"column":60}},"33":{"start":{"line":71,"column":16},"end":{"line":71,"column":44}},"34":{"start":{"line":73,"column":17},"end":{"line":73,"column":50}},"35":{"start":{"line":75,"column":14},"end":{"line":75,"column":40}},"36":{"start":{"line":77,"column":15},"end":{"line":77,"column":46}},"37":{"start":{"line":79,"column":14},"end":{"line":79,"column":40}},"38":{"start":{"line":81,"column":15},"end":{"line":81,"column":46}},"39":{"start":{"line":83,"column":20},"end":{"line":83,"column":52}},"40":{"start":{"line":85,"column":21},"end":{"line":85,"column":58}},"41":{"start":{"line":87,"column":14},"end":{"line":87,"column":40}},"42":{"start":{"line":89,"column":15},"end":{"line":89,"column":46}},"43":{"start":{"line":91,"column":39},"end":{"line":91,"column":93}},"44":{"start":{"line":96,"column":15},"end":{"line":96,"column":34}},"45":{"start":{"line":99,"column":12},"end":{"line":99,"column":36}},"46":{"start":{"line":101,"column":15},"end":{"line":101,"column":46}},"47":{"start":{"line":102,"column":10},"end":{"line":102,"column":34}},"48":{"start":{"line":103,"column":12},"end":{"line":103,"column":52}},"49":{"start":{"line":109,"column":0},"end":{"line":109,"column":37}},"50":{"start":{"line":110,"column":0},"end":{"line":112,"column":4}},"51":{"start":{"line":114,"column":0},"end":{"line":114,"column":39}},"52":{"start":{"line":116,"column":0},"end":{"line":116,"column":76}},"53":{"start":{"line":117,"column":0},"end":{"line":117,"column":31}},"54":{"start":{"line":118,"column":0},"end":{"line":118,"column":39}},"55":{"start":{"line":121,"column":0},"end":{"line":121,"column":85}},"56":{"start":{"line":124,"column":0},"end":{"line":124,"column":31}},"57":{"start":{"line":125,"column":0},"end":{"line":125,"column":28}},"58":{"start":{"line":126,"column":0},"end":{"line":126,"column":17}},"59":{"start":{"line":129,"column":0},"end":{"line":129,"column":45}},"60":{"start":{"line":131,"column":0},"end":{"line":131,"column":72}},"61":{"start":{"line":132,"column":0},"end":{"line":132,"column":33}},"62":{"start":{"line":133,"column":0},"end":{"line":133,"column":75}},"63":{"start":{"line":134,"column":0},"end":{"line":134,"column":39}},"64":{"start":{"line":135,"column":0},"end":{"line":135,"column":76}},"65":{"start":{"line":136,"column":0},"end":{"line":136,"column":41}},"66":{"start":{"line":137,"column":0},"end":{"line":137,"column":73}},"67":{"start":{"line":138,"column":0},"end":{"line":138,"column":35}},"68":{"start":{"line":139,"column":0},"end":{"line":139,"column":81}},"69":{"start":{"line":140,"column":0},"end":{"line":140,"column":43}},"70":{"start":{"line":141,"column":0},"end":{"line":141,"column":79}},"71":{"start":{"line":142,"column":0},"end":{"line":142,"column":41}},"72":{"start":{"line":143,"column":0},"end":{"line":143,"column":75}},"73":{"start":{"line":144,"column":0},"end":{"line":144,"column":41}},"74":{"start":{"line":145,"column":0},"end":{"line":145,"column":75}},"75":{"start":{"line":146,"column":0},"end":{"line":146,"column":37}},"76":{"start":{"line":147,"column":0},"end":{"line":147,"column":81}},"77":{"start":{"line":148,"column":0},"end":{"line":148,"column":43}},"78":{"start":{"line":149,"column":0},"end":{"line":149,"column":75}},"79":{"start":{"line":150,"column":0},"end":{"line":150,"column":37}},"80":{"start":{"line":151,"column":0},"end":{"line":151,"column":51}},"81":{"start":{"line":154,"column":0},"end":{"line":159,"column":3}},"82":{"start":{"line":155,"column":2},"end":{"line":155,"column":90}},"83":{"start":{"line":156,"column":12},"end":{"line":156,"column":34}},"84":{"start":{"line":157,"column":2},"end":{"line":157,"column":19}},"85":{"start":{"line":158,"column":2},"end":{"line":158,"column":12}},"86":{"start":{"line":163,"column":0},"end":{"line":171,"column":3}},"87":{"start":{"line":165,"column":2},"end":{"line":165,"column":35}},"88":{"start":{"line":166,"column":2},"end":{"line":166,"column":69}},"89":{"start":{"line":168,"column":2},"end":{"line":168,"column":32}},"90":{"start":{"line":169,"column":2},"end":{"line":169,"column":16}},"91":{"start":{"line":170,"column":2},"end":{"line":170,"column":84}},"92":{"start":{"line":179,"column":0},"end":{"line":179,"column":22}}},"fnMap":{"0":{"name":"_interopRequireDefault","decl":{"start":{"line":91,"column":9},"end":{"line":91,"column":31}},"loc":{"start":{"line":91,"column":37},"end":{"line":91,"column":95}},"line":91},"1":{"name":"(anonymous_1)","decl":{"start":{"line":154,"column":8},"end":{"line":154,"column":9}},"loc":{"start":{"line":154,"column":34},"end":{"line":159,"column":1}},"line":154},"2":{"name":"(anonymous_2)","decl":{"start":{"line":163,"column":8},"end":{"line":163,"column":9}},"loc":{"start":{"line":163,"column":39},"end":{"line":171,"column":1}},"line":163}},"branchMap":{"0":{"loc":{"start":{"line":91,"column":46},"end":{"line":91,"column":92}},"type":"cond-expr","locations":[{"start":{"line":91,"column":70},"end":{"line":91,"column":73}},{"start":{"line":91,"column":76},"end":{"line":91,"column":92}}],"line":91},"1":{"loc":{"start":{"line":91,"column":46},"end":{"line":91,"column":67}},"type":"binary-expr","locations":[{"start":{"line":91,"column":46},"end":{"line":91,"column":49}},{"start":{"line":91,"column":53},"end":{"line":91,"column":67}}],"line":91},"2":{"loc":{"start":{"line":166,"column":21},"end":{"line":166,"column":68}},"type":"cond-expr","locations":[{"start":{"line":166,"column":60},"end":{"line":166,"column":63}},{"start":{"line":166,"column":66},"end":{"line":166,"column":68}}],"line":166},"3":{"loc":{"start":{"line":168,"column":13},"end":{"line":168,"column":30}},"type":"binary-expr","locations":[{"start":{"line":168,"column":13},"end":{"line":168,"column":23}},{"start":{"line":168,"column":27},"end":{"line":168,"column":30}}],"line":168}},"s":{"0":1,"1":1,"2":1,"3":1,"4":1,"5":1,"6":1,"7":1,"8":1,"9":1,"10":1,"11":1,"12":1,"13":1,"14":1,"15":1,"16":1,"17":1,"18":1,"19":1,"20":1,"21":1,"22":1,"23":1,"24":1,"25":1,"26":1,"27":1,"28":1,"29":1,"30":1,"31":1,"32":1,"33":1,"34":1,"35":1,"36":1,"37":1,"38":1,"39":1,"40":1,"41":1,"42":1,"43":21,"44":1,"45":1,"46":1,"47":1,"48":1,"49":1,"50":1,"51":1,"52":1,"53":1,"54":1,"55":1,"56":1,"57":1,"58":1,"59":1,"60":1,"61":1,"62":1,"63":1,"64":1,"65":1,"66":1,"67":1,"68":1,"69":1,"70":1,"71":1,"72":1,"73":1,"74":1,"75":1,"76":1,"77":1,"78":1,"79":1,"80":1,"81":1,"82":0,"83":0,"84":0,"85":0,"86":1,"87":0,"88":0,"89":0,"90":0,"91":0,"92":1},"f":{"0":21,"1":0,"2":0},"b":{"0":[10,11],"1":[21,21],"2":[0,0],"3":[0,0]},"_coverageSchema":"332fd63041d2c1bcb487cc26dd0d5f7d97098a6c","hash":"f28556df0070cded83e01ca2cef5a877bc09d62c","contentHash":"972fcebf56c6046ae11aefed3ea756db_11.2.1"},"/home/traning/Desktop/25sep/server/log4js.js":{"path":"/home/traning/Desktop/25sep/server/log4js.js","statementMap":{"0":{"start":{"line":3,"column":0},"end":{"line":5,"column":3}},"1":{"start":{"line":7,"column":14},"end":{"line":7,"column":31}},"2":{"start":{"line":9,"column":15},"end":{"line":9,"column":46}},"3":{"start":{"line":11,"column":39},"end":{"line":11,"column":93}},"4":{"start":{"line":15,"column":0},"end":{"line":18,"column":3}},"5":{"start":{"line":20,"column":13},"end":{"line":20,"column":65}},"6":{"start":{"line":21,"column":0},"end":{"line":21,"column":40}},"7":{"start":{"line":23,"column":0},"end":{"line":23,"column":25}}},"fnMap":{"0":{"name":"_interopRequireDefault","decl":{"start":{"line":11,"column":9},"end":{"line":11,"column":31}},"loc":{"start":{"line":11,"column":37},"end":{"line":11,"column":95}},"line":11}},"branchMap":{"0":{"loc":{"start":{"line":11,"column":46},"end":{"line":11,"column":92}},"type":"cond-expr","locations":[{"start":{"line":11,"column":70},"end":{"line":11,"column":73}},{"start":{"line":11,"column":76},"end":{"line":11,"column":92}}],"line":11},"1":{"loc":{"start":{"line":11,"column":46},"end":{"line":11,"column":67}},"type":"binary-expr","locations":[{"start":{"line":11,"column":46},"end":{"line":11,"column":49}},{"start":{"line":11,"column":53},"end":{"line":11,"column":67}}],"line":11}},"s":{"0":1,"1":1,"2":1,"3":1,"4":1,"5":1,"6":1,"7":1},"f":{"0":1},"b":{"0":[0,1],"1":[1,1]},"_coverageSchema":"332fd63041d2c1bcb487cc26dd0d5f7d97098a6c","hash":"e74c0eafa2cdbc9b925690eba422b69ac1e73253","contentHash":"703b5f75cb83b066dfc63d960b774a4f_11.2.1"},"/home/traning/Desktop/25sep/server/model/Schema.js":{"path":"/home/traning/Desktop/25sep/server/model/Schema.js","statementMap":{"0":{"start":{"line":3,"column":15},"end":{"line":3,"column":34}},"1":{"start":{"line":4,"column":0},"end":{"line":4,"column":28}},"2":{"start":{"line":5,"column":21},"end":{"line":5,"column":36}},"3":{"start":{"line":7,"column":11},"end":{"line":35,"column":48}},"4":{"start":{"line":37,"column":0},"end":{"line":43,"column":2}},"5":{"start":{"line":38,"column":1},"end":{"line":42,"column":2}},"6":{"start":{"line":39,"column":2},"end":{"line":39,"column":24}},"7":{"start":{"line":41,"column":2},"end":{"line":41,"column":18}},"8":{"start":{"line":45,"column":0},"end":{"line":45,"column":55}}},"fnMap":{"0":{"name":"(anonymous_0)","decl":{"start":{"line":37,"column":29},"end":{"line":37,"column":30}},"loc":{"start":{"line":37,"column":53},"end":{"line":43,"column":1}},"line":37}},"branchMap":{"0":{"loc":{"start":{"line":38,"column":1},"end":{"line":42,"column":2}},"type":"if","locations":[{"start":{"line":38,"column":1},"end":{"line":42,"column":2}},{"start":{"line":38,"column":1},"end":{"line":42,"column":2}}],"line":38}},"s":{"0":1,"1":1,"2":1,"3":1,"4":1,"5":0,"6":0,"7":0,"8":1},"f":{"0":0},"b":{"0":[0,0]},"_coverageSchema":"332fd63041d2c1bcb487cc26dd0d5f7d97098a6c","hash":"e3271bd10340db0b5ca906b35c010075dae3ee4d","contentHash":"a0f0d8b68326e482b605d3a11fa2b77a_11.2.1"},"/home/traning/Desktop/25sep/server/config/config.js":{"path":"/home/traning/Desktop/25sep/server/config/config.js","statementMap":{"0":{"start":{"line":3,"column":16},"end":{"line":3,"column":35}},"1":{"start":{"line":5,"column":17},"end":{"line":5,"column":50}},"2":{"start":{"line":7,"column":39},"end":{"line":7,"column":93}},"3":{"start":{"line":9,"column":9},"end":{"line":9,"column":45}},"4":{"start":{"line":10,"column":0},"end":{"line":10,"column":31}}},"fnMap":{"0":{"name":"_interopRequireDefault","decl":{"start":{"line":7,"column":9},"end":{"line":7,"column":31}},"loc":{"start":{"line":7,"column":37},"end":{"line":7,"column":95}},"line":7}},"branchMap":{"0":{"loc":{"start":{"line":7,"column":46},"end":{"line":7,"column":92}},"type":"cond-expr","locations":[{"start":{"line":7,"column":70},"end":{"line":7,"column":73}},{"start":{"line":7,"column":76},"end":{"line":7,"column":92}}],"line":7},"1":{"loc":{"start":{"line":7,"column":46},"end":{"line":7,"column":67}},"type":"binary-expr","locations":[{"start":{"line":7,"column":46},"end":{"line":7,"column":49}},{"start":{"line":7,"column":53},"end":{"line":7,"column":67}}],"line":7}},"s":{"0":1,"1":1,"2":1,"3":1,"4":1},"f":{"0":1},"b":{"0":[0,1],"1":[1,1]},"_coverageSchema":"332fd63041d2c1bcb487cc26dd0d5f7d97098a6c","hash":"a513a5897d8c9d2ec325f549be0b5c4cfc74ba64","contentHash":"efe266e405ca8dfa743df389942bd998_11.2.1"},"/home/traning/Desktop/25sep/server/routes/card/index.js":{"path":"/home/traning/Desktop/25sep/server/routes/card/index.js","statementMap":{"0":{"start":{"line":3,"column":0},"end":{"line":5,"column":3}},"1":{"start":{"line":7,"column":15},"end":{"line":7,"column":33}},"2":{"start":{"line":9,"column":16},"end":{"line":9,"column":48}},"3":{"start":{"line":11,"column":15},"end":{"line":11,"column":35}},"4":{"start":{"line":13,"column":16},"end":{"line":13,"column":48}},"5":{"start":{"line":15,"column":15},"end":{"line":15,"column":35}},"6":{"start":{"line":17,"column":16},"end":{"line":17,"column":48}},"7":{"start":{"line":19,"column":15},"end":{"line":19,"column":35}},"8":{"start":{"line":21,"column":16},"end":{"line":21,"column":48}},"9":{"start":{"line":23,"column":39},"end":{"line":23,"column":93}},"10":{"start":{"line":25,"column":13},"end":{"line":25,"column":39}},"11":{"start":{"line":27,"column":0},"end":{"line":27,"column":43}},"12":{"start":{"line":28,"column":0},"end":{"line":28,"column":43}},"13":{"start":{"line":29,"column":0},"end":{"line":29,"column":43}},"14":{"start":{"line":30,"column":0},"end":{"line":30,"column":25}}},"fnMap":{"0":{"name":"_interopRequireDefault","decl":{"start":{"line":23,"column":9},"end":{"line":23,"column":31}},"loc":{"start":{"line":23,"column":37},"end":{"line":23,"column":95}},"line":23}},"branchMap":{"0":{"loc":{"start":{"line":23,"column":46},"end":{"line":23,"column":92}},"type":"cond-expr","locations":[{"start":{"line":23,"column":70},"end":{"line":23,"column":73}},{"start":{"line":23,"column":76},"end":{"line":23,"column":92}}],"line":23},"1":{"loc":{"start":{"line":23,"column":46},"end":{"line":23,"column":67}},"type":"binary-expr","locations":[{"start":{"line":23,"column":46},"end":{"line":23,"column":49}},{"start":{"line":23,"column":53},"end":{"line":23,"column":67}}],"line":23}},"s":{"0":1,"1":1,"2":1,"3":1,"4":1,"5":1,"6":1,"7":1,"8":1,"9":4,"10":1,"11":1,"12":1,"13":1,"14":1},"f":{"0":4},"b":{"0":[0,4],"1":[4,4]},"_coverageSchema":"332fd63041d2c1bcb487cc26dd0d5f7d97098a6c","hash":"6e0c5e7cd66c07fd273e833d78f7726b5eb12198","contentHash":"50aa93cf39b7893939f984419d1bc01c_11.2.1"},"/home/traning/Desktop/25sep/server/routes/card/getcard.js":{"path":"/home/traning/Desktop/25sep/server/routes/card/getcard.js","statementMap":{"0":{"start":{"line":3,"column":15},"end":{"line":3,"column":33}},"1":{"start":{"line":5,"column":16},"end":{"line":5,"column":48}},"2":{"start":{"line":7,"column":14},"end":{"line":7,"column":43}},"3":{"start":{"line":9,"column":15},"end":{"line":9,"column":46}},"4":{"start":{"line":11,"column":11},"end":{"line":11,"column":45}},"5":{"start":{"line":13,"column":12},"end":{"line":13,"column":40}},"6":{"start":{"line":15,"column":39},"end":{"line":15,"column":93}},"7":{"start":{"line":18,"column":0},"end":{"line":28,"column":2}},"8":{"start":{"line":19,"column":1},"end":{"line":27,"column":4}},"9":{"start":{"line":21,"column":2},"end":{"line":21,"column":22}},"10":{"start":{"line":22,"column":2},"end":{"line":26,"column":3}},"11":{"start":{"line":23,"column":3},"end":{"line":23,"column":39}},"12":{"start":{"line":25,"column":3},"end":{"line":25,"column":20}}},"fnMap":{"0":{"name":"_interopRequireDefault","decl":{"start":{"line":15,"column":9},"end":{"line":15,"column":31}},"loc":{"start":{"line":15,"column":37},"end":{"line":15,"column":95}},"line":15},"1":{"name":"(anonymous_1)","decl":{"start":{"line":18,"column":17},"end":{"line":18,"column":18}},"loc":{"start":{"line":18,"column":37},"end":{"line":28,"column":1}},"line":18},"2":{"name":"(anonymous_2)","decl":{"start":{"line":19,"column":52},"end":{"line":19,"column":53}},"loc":{"start":{"line":19,"column":75},"end":{"line":27,"column":2}},"line":19}},"branchMap":{"0":{"loc":{"start":{"line":15,"column":46},"end":{"line":15,"column":92}},"type":"cond-expr","locations":[{"start":{"line":15,"column":70},"end":{"line":15,"column":73}},{"start":{"line":15,"column":76},"end":{"line":15,"column":92}}],"line":15},"1":{"loc":{"start":{"line":15,"column":46},"end":{"line":15,"column":67}},"type":"binary-expr","locations":[{"start":{"line":15,"column":46},"end":{"line":15,"column":49}},{"start":{"line":15,"column":53},"end":{"line":15,"column":67}}],"line":15},"2":{"loc":{"start":{"line":22,"column":2},"end":{"line":26,"column":3}},"type":"if","locations":[{"start":{"line":22,"column":2},"end":{"line":26,"column":3}},{"start":{"line":22,"column":2},"end":{"line":26,"column":3}}],"line":22}},"s":{"0":1,"1":1,"2":1,"3":1,"4":1,"5":1,"6":3,"7":1,"8":1,"9":1,"10":1,"11":0,"12":1},"f":{"0":3,"1":1,"2":1},"b":{"0":[1,2],"1":[3,3],"2":[0,1]},"_coverageSchema":"332fd63041d2c1bcb487cc26dd0d5f7d97098a6c","hash":"9680045a70ac0f0d04ab31cc9e46f77a89f9ff97","contentHash":"73745fbb445f932fa70f10f2ef43754f_11.2.1"},"/home/traning/Desktop/25sep/server/config/app.config.js":{"path":"/home/traning/Desktop/25sep/server/config/app.config.js","statementMap":{"0":{"start":{"line":3,"column":0},"end":{"line":5,"column":3}},"1":{"start":{"line":6,"column":11},"end":{"line":93,"column":1}}},"fnMap":{},"branchMap":{},"s":{"0":1,"1":1},"f":{},"b":{},"_coverageSchema":"332fd63041d2c1bcb487cc26dd0d5f7d97098a6c","hash":"ef89c2c73fc3f2d4dc5ae3203da4d7b1803dde61","contentHash":"03e22df41d5ee97e5f91d29e2640077f_11.2.1"},"/home/traning/Desktop/25sep/server/routes/card/addcard.js":{"path":"/home/traning/Desktop/25sep/server/routes/card/addcard.js","statementMap":{"0":{"start":{"line":3,"column":15},"end":{"line":3,"column":33}},"1":{"start":{"line":5,"column":16},"end":{"line":5,"column":48}},"2":{"start":{"line":7,"column":14},"end":{"line":7,"column":43}},"3":{"start":{"line":9,"column":15},"end":{"line":9,"column":46}},"4":{"start":{"line":11,"column":39},"end":{"line":11,"column":93}},"5":{"start":{"line":13,"column":0},"end":{"line":37,"column":2}},"6":{"start":{"line":14,"column":1},"end":{"line":36,"column":4}},"7":{"start":{"line":16,"column":2},"end":{"line":35,"column":3}},"8":{"start":{"line":17,"column":3},"end":{"line":17,"column":33}},"9":{"start":{"line":18,"column":3},"end":{"line":31,"column":6}},"10":{"start":{"line":26,"column":4},"end":{"line":30,"column":5}},"11":{"start":{"line":27,"column":5},"end":{"line":27,"column":19}},"12":{"start":{"line":29,"column":5},"end":{"line":29,"column":22}},"13":{"start":{"line":33,"column":3},"end":{"line":33,"column":29}},"14":{"start":{"line":34,"column":3},"end":{"line":34,"column":20}}},"fnMap":{"0":{"name":"_interopRequireDefault","decl":{"start":{"line":11,"column":9},"end":{"line":11,"column":31}},"loc":{"start":{"line":11,"column":37},"end":{"line":11,"column":95}},"line":11},"1":{"name":"(anonymous_1)","decl":{"start":{"line":13,"column":17},"end":{"line":13,"column":18}},"loc":{"start":{"line":13,"column":37},"end":{"line":37,"column":1}},"line":13},"2":{"name":"(anonymous_2)","decl":{"start":{"line":14,"column":134},"end":{"line":14,"column":135}},"loc":{"start":{"line":14,"column":157},"end":{"line":36,"column":2}},"line":14},"3":{"name":"(anonymous_3)","decl":{"start":{"line":25,"column":28},"end":{"line":25,"column":29}},"loc":{"start":{"line":25,"column":51},"end":{"line":31,"column":4}},"line":25}},"branchMap":{"0":{"loc":{"start":{"line":11,"column":46},"end":{"line":11,"column":92}},"type":"cond-expr","locations":[{"start":{"line":11,"column":70},"end":{"line":11,"column":73}},{"start":{"line":11,"column":76},"end":{"line":11,"column":92}}],"line":11},"1":{"loc":{"start":{"line":11,"column":46},"end":{"line":11,"column":67}},"type":"binary-expr","locations":[{"start":{"line":11,"column":46},"end":{"line":11,"column":49}},{"start":{"line":11,"column":53},"end":{"line":11,"column":67}}],"line":11},"2":{"loc":{"start":{"line":16,"column":2},"end":{"line":35,"column":3}},"type":"if","locations":[{"start":{"line":16,"column":2},"end":{"line":35,"column":3}},{"start":{"line":16,"column":2},"end":{"line":35,"column":3}}],"line":16},"3":{"loc":{"start":{"line":26,"column":4},"end":{"line":30,"column":5}},"type":"if","locations":[{"start":{"line":26,"column":4},"end":{"line":30,"column":5}},{"start":{"line":26,"column":4},"end":{"line":30,"column":5}}],"line":26}},"s":{"0":1,"1":1,"2":1,"3":1,"4":2,"5":1,"6":4,"7":4,"8":0,"9":0,"10":0,"11":0,"12":0,"13":4,"14":4},"f":{"0":2,"1":4,"2":4,"3":0},"b":{"0":[0,2],"1":[2,2],"2":[0,4],"3":[0,0]},"_coverageSchema":"332fd63041d2c1bcb487cc26dd0d5f7d97098a6c","hash":"336d92ea8861ff0418aa0ab784eacafd766ca36c","contentHash":"d8c4178dc2c0c7817ba17ad7e080594e_11.2.1"},"/home/traning/Desktop/25sep/server/routes/card/addflag.js":{"path":"/home/traning/Desktop/25sep/server/routes/card/addflag.js","statementMap":{"0":{"start":{"line":3,"column":15},"end":{"line":3,"column":33}},"1":{"start":{"line":5,"column":16},"end":{"line":5,"column":48}},"2":{"start":{"line":7,"column":14},"end":{"line":7,"column":43}},"3":{"start":{"line":9,"column":15},"end":{"line":9,"column":46}},"4":{"start":{"line":11,"column":39},"end":{"line":11,"column":93}},"5":{"start":{"line":13,"column":0},"end":{"line":24,"column":2}},"6":{"start":{"line":14,"column":1},"end":{"line":23,"column":4}},"7":{"start":{"line":17,"column":2},"end":{"line":22,"column":3}},"8":{"start":{"line":19,"column":3},"end":{"line":19,"column":17}},"9":{"start":{"line":21,"column":3},"end":{"line":21,"column":37}}},"fnMap":{"0":{"name":"_interopRequireDefault","decl":{"start":{"line":11,"column":9},"end":{"line":11,"column":31}},"loc":{"start":{"line":11,"column":37},"end":{"line":11,"column":95}},"line":11},"1":{"name":"(anonymous_1)","decl":{"start":{"line":13,"column":17},"end":{"line":13,"column":18}},"loc":{"start":{"line":13,"column":37},"end":{"line":24,"column":1}},"line":13},"2":{"name":"(anonymous_2)","decl":{"start":{"line":16,"column":67},"end":{"line":16,"column":68}},"loc":{"start":{"line":16,"column":90},"end":{"line":23,"column":2}},"line":16}},"branchMap":{"0":{"loc":{"start":{"line":11,"column":46},"end":{"line":11,"column":92}},"type":"cond-expr","locations":[{"start":{"line":11,"column":70},"end":{"line":11,"column":73}},{"start":{"line":11,"column":76},"end":{"line":11,"column":92}}],"line":11},"1":{"loc":{"start":{"line":11,"column":46},"end":{"line":11,"column":67}},"type":"binary-expr","locations":[{"start":{"line":11,"column":46},"end":{"line":11,"column":49}},{"start":{"line":11,"column":53},"end":{"line":11,"column":67}}],"line":11},"2":{"loc":{"start":{"line":17,"column":2},"end":{"line":22,"column":3}},"type":"if","locations":[{"start":{"line":17,"column":2},"end":{"line":22,"column":3}},{"start":{"line":17,"column":2},"end":{"line":22,"column":3}}],"line":17}},"s":{"0":1,"1":1,"2":1,"3":1,"4":2,"5":1,"6":1,"7":1,"8":0,"9":1},"f":{"0":2,"1":1,"2":1},"b":{"0":[0,2],"1":[2,2],"2":[0,1]},"_coverageSchema":"332fd63041d2c1bcb487cc26dd0d5f7d97098a6c","hash":"1f6e3a8086c8f5f434a1d13a313f9cb080ad6668","contentHash":"5b43521ad382faffd3e155ef01360324_11.2.1"},"/home/traning/Desktop/25sep/server/routes/account/index.js":{"path":"/home/traning/Desktop/25sep/server/routes/account/index.js","statementMap":{"0":{"start":{"line":3,"column":0},"end":{"line":5,"column":3}},"1":{"start":{"line":7,"column":15},"end":{"line":7,"column":33}},"2":{"start":{"line":9,"column":16},"end":{"line":9,"column":48}},"3":{"start":{"line":11,"column":18},"end":{"line":11,"column":41}},"4":{"start":{"line":13,"column":19},"end":{"line":13,"column":54}},"5":{"start":{"line":15,"column":21},"end":{"line":15,"column":47}},"6":{"start":{"line":17,"column":22},"end":{"line":17,"column":60}},"7":{"start":{"line":19,"column":18},"end":{"line":19,"column":41}},"8":{"start":{"line":21,"column":19},"end":{"line":21,"column":54}},"9":{"start":{"line":23,"column":39},"end":{"line":23,"column":93}},"10":{"start":{"line":25,"column":13},"end":{"line":25,"column":39}},"11":{"start":{"line":27,"column":0},"end":{"line":27,"column":49}},"12":{"start":{"line":28,"column":0},"end":{"line":28,"column":55}},"13":{"start":{"line":29,"column":0},"end":{"line":29,"column":49}},"14":{"start":{"line":31,"column":0},"end":{"line":31,"column":25}}},"fnMap":{"0":{"name":"_interopRequireDefault","decl":{"start":{"line":23,"column":9},"end":{"line":23,"column":31}},"loc":{"start":{"line":23,"column":37},"end":{"line":23,"column":95}},"line":23}},"branchMap":{"0":{"loc":{"start":{"line":23,"column":46},"end":{"line":23,"column":92}},"type":"cond-expr","locations":[{"start":{"line":23,"column":70},"end":{"line":23,"column":73}},{"start":{"line":23,"column":76},"end":{"line":23,"column":92}}],"line":23},"1":{"loc":{"start":{"line":23,"column":46},"end":{"line":23,"column":67}},"type":"binary-expr","locations":[{"start":{"line":23,"column":46},"end":{"line":23,"column":49}},{"start":{"line":23,"column":53},"end":{"line":23,"column":67}}],"line":23}},"s":{"0":1,"1":1,"2":1,"3":1,"4":1,"5":1,"6":1,"7":1,"8":1,"9":4,"10":1,"11":1,"12":1,"13":1,"14":1},"f":{"0":4},"b":{"0":[0,4],"1":[4,4]},"_coverageSchema":"332fd63041d2c1bcb487cc26dd0d5f7d97098a6c","hash":"22917a3ff85e7e0bf70f063a219718b9954a4f66","contentHash":"31afa629e0043113550dbe760eecda21_11.2.1"},"/home/traning/Desktop/25sep/server/routes/account/addaccount.js":{"path":"/home/traning/Desktop/25sep/server/routes/account/addaccount.js","statementMap":{"0":{"start":{"line":3,"column":15},"end":{"line":3,"column":33}},"1":{"start":{"line":5,"column":16},"end":{"line":5,"column":48}},"2":{"start":{"line":7,"column":14},"end":{"line":7,"column":43}},"3":{"start":{"line":9,"column":15},"end":{"line":9,"column":46}},"4":{"start":{"line":11,"column":39},"end":{"line":11,"column":93}},"5":{"start":{"line":13,"column":13},"end":{"line":13,"column":39}},"6":{"start":{"line":15,"column":0},"end":{"line":37,"column":2}},"7":{"start":{"line":16,"column":1},"end":{"line":16,"column":29}},"8":{"start":{"line":17,"column":17},"end":{"line":17,"column":54}},"9":{"start":{"line":18,"column":1},"end":{"line":36,"column":4}},"10":{"start":{"line":20,"column":2},"end":{"line":20,"column":36}},"11":{"start":{"line":21,"column":2},"end":{"line":35,"column":3}},"12":{"start":{"line":22,"column":3},"end":{"line":22,"column":17}},"13":{"start":{"line":23,"column":9},"end":{"line":35,"column":3}},"14":{"start":{"line":25,"column":3},"end":{"line":25,"column":54}},"15":{"start":{"line":27,"column":3},"end":{"line":27,"column":26}},"16":{"start":{"line":29,"column":3},"end":{"line":34,"column":6}},"17":{"start":{"line":31,"column":4},"end":{"line":33,"column":5}},"18":{"start":{"line":31,"column":13},"end":{"line":31,"column":27}},"19":{"start":{"line":32,"column":5},"end":{"line":32,"column":22}}},"fnMap":{"0":{"name":"_interopRequireDefault","decl":{"start":{"line":11,"column":9},"end":{"line":11,"column":31}},"loc":{"start":{"line":11,"column":37},"end":{"line":11,"column":95}},"line":11},"1":{"name":"(anonymous_1)","decl":{"start":{"line":15,"column":17},"end":{"line":15,"column":18}},"loc":{"start":{"line":15,"column":37},"end":{"line":37,"column":1}},"line":15},"2":{"name":"(anonymous_2)","decl":{"start":{"line":18,"column":102},"end":{"line":18,"column":103}},"loc":{"start":{"line":18,"column":125},"end":{"line":36,"column":2}},"line":18},"3":{"name":"(anonymous_3)","decl":{"start":{"line":30,"column":95},"end":{"line":30,"column":96}},"loc":{"start":{"line":30,"column":118},"end":{"line":34,"column":4}},"line":30}},"branchMap":{"0":{"loc":{"start":{"line":11,"column":46},"end":{"line":11,"column":92}},"type":"cond-expr","locations":[{"start":{"line":11,"column":70},"end":{"line":11,"column":73}},{"start":{"line":11,"column":76},"end":{"line":11,"column":92}}],"line":11},"1":{"loc":{"start":{"line":11,"column":46},"end":{"line":11,"column":67}},"type":"binary-expr","locations":[{"start":{"line":11,"column":46},"end":{"line":11,"column":49}},{"start":{"line":11,"column":53},"end":{"line":11,"column":67}}],"line":11},"2":{"loc":{"start":{"line":21,"column":2},"end":{"line":35,"column":3}},"type":"if","locations":[{"start":{"line":21,"column":2},"end":{"line":35,"column":3}},{"start":{"line":21,"column":2},"end":{"line":35,"column":3}}],"line":21},"3":{"loc":{"start":{"line":23,"column":9},"end":{"line":35,"column":3}},"type":"if","locations":[{"start":{"line":23,"column":9},"end":{"line":35,"column":3}},{"start":{"line":23,"column":9},"end":{"line":35,"column":3}}],"line":23},"4":{"loc":{"start":{"line":31,"column":4},"end":{"line":33,"column":5}},"type":"if","locations":[{"start":{"line":31,"column":4},"end":{"line":33,"column":5}},{"start":{"line":31,"column":4},"end":{"line":33,"column":5}}],"line":31}},"s":{"0":1,"1":1,"2":1,"3":1,"4":2,"5":1,"6":1,"7":4,"8":4,"9":4,"10":4,"11":4,"12":0,"13":4,"14":1,"15":3,"16":3,"17":3,"18":0,"19":3},"f":{"0":2,"1":4,"2":4,"3":3},"b":{"0":[0,2],"1":[2,2],"2":[0,4],"3":[1,3],"4":[0,3]},"_coverageSchema":"332fd63041d2c1bcb487cc26dd0d5f7d97098a6c","hash":"86bed84afe306f2cd1c7fb81e65c3fca535c4b60","contentHash":"44b4a8a3ba2fb31838333d28a93a1279_11.2.1"},"/home/traning/Desktop/25sep/server/routes/account/deleteaccount.js":{"path":"/home/traning/Desktop/25sep/server/routes/account/deleteaccount.js","statementMap":{"0":{"start":{"line":3,"column":15},"end":{"line":3,"column":33}},"1":{"start":{"line":5,"column":16},"end":{"line":5,"column":48}},"2":{"start":{"line":7,"column":14},"end":{"line":7,"column":43}},"3":{"start":{"line":9,"column":15},"end":{"line":9,"column":46}},"4":{"start":{"line":11,"column":39},"end":{"line":11,"column":93}},"5":{"start":{"line":13,"column":0},"end":{"line":26,"column":2}},"6":{"start":{"line":15,"column":2},"end":{"line":15,"column":29}},"7":{"start":{"line":17,"column":2},"end":{"line":25,"column":5}},"8":{"start":{"line":21,"column":4},"end":{"line":24,"column":7}},"9":{"start":{"line":21,"column":13},"end":{"line":21,"column":27}},"10":{"start":{"line":23,"column":8},"end":{"line":23,"column":25}}},"fnMap":{"0":{"name":"_interopRequireDefault","decl":{"start":{"line":11,"column":9},"end":{"line":11,"column":31}},"loc":{"start":{"line":11,"column":37},"end":{"line":11,"column":95}},"line":11},"1":{"name":"(anonymous_1)","decl":{"start":{"line":13,"column":17},"end":{"line":13,"column":18}},"loc":{"start":{"line":13,"column":37},"end":{"line":26,"column":1}},"line":13},"2":{"name":"(anonymous_2)","decl":{"start":{"line":19,"column":24},"end":{"line":19,"column":25}},"loc":{"start":{"line":19,"column":47},"end":{"line":25,"column":3}},"line":19}},"branchMap":{"0":{"loc":{"start":{"line":11,"column":46},"end":{"line":11,"column":92}},"type":"cond-expr","locations":[{"start":{"line":11,"column":70},"end":{"line":11,"column":73}},{"start":{"line":11,"column":76},"end":{"line":11,"column":92}}],"line":11},"1":{"loc":{"start":{"line":11,"column":46},"end":{"line":11,"column":67}},"type":"binary-expr","locations":[{"start":{"line":11,"column":46},"end":{"line":11,"column":49}},{"start":{"line":11,"column":53},"end":{"line":11,"column":67}}],"line":11},"2":{"loc":{"start":{"line":21,"column":4},"end":{"line":24,"column":7}},"type":"if","locations":[{"start":{"line":21,"column":4},"end":{"line":24,"column":7}},{"start":{"line":21,"column":4},"end":{"line":24,"column":7}}],"line":21}},"s":{"0":1,"1":1,"2":1,"3":1,"4":2,"5":1,"6":6,"7":6,"8":6,"9":0,"10":6},"f":{"0":2,"1":6,"2":6},"b":{"0":[0,2],"1":[2,2],"2":[0,6]},"_coverageSchema":"332fd63041d2c1bcb487cc26dd0d5f7d97098a6c","hash":"916baa8aecd3903a3283851b2a4cc20ea687acf4","contentHash":"008df4429c2ffb956d9ce9604fd413dd_11.2.1"},"/home/traning/Desktop/25sep/server/routes/account/getaccount.js":{"path":"/home/traning/Desktop/25sep/server/routes/account/getaccount.js","statementMap":{"0":{"start":{"line":3,"column":15},"end":{"line":3,"column":33}},"1":{"start":{"line":5,"column":16},"end":{"line":5,"column":48}},"2":{"start":{"line":7,"column":14},"end":{"line":7,"column":43}},"3":{"start":{"line":9,"column":15},"end":{"line":9,"column":46}},"4":{"start":{"line":11,"column":39},"end":{"line":11,"column":93}},"5":{"start":{"line":13,"column":0},"end":{"line":34,"column":2}},"6":{"start":{"line":14,"column":1},"end":{"line":14,"column":29}},"7":{"start":{"line":15,"column":1},"end":{"line":33,"column":4}},"8":{"start":{"line":18,"column":2},"end":{"line":32,"column":3}},"9":{"start":{"line":21,"column":3},"end":{"line":21,"column":41}},"10":{"start":{"line":22,"column":14},"end":{"line":22,"column":16}},"11":{"start":{"line":23,"column":3},"end":{"line":26,"column":6}},"12":{"start":{"line":25,"column":4},"end":{"line":25,"column":33}},"13":{"start":{"line":27,"column":3},"end":{"line":27,"column":21}},"14":{"start":{"line":28,"column":3},"end":{"line":28,"column":18}},"15":{"start":{"line":30,"column":3},"end":{"line":30,"column":20}},"16":{"start":{"line":31,"column":3},"end":{"line":31,"column":17}}},"fnMap":{"0":{"name":"_interopRequireDefault","decl":{"start":{"line":11,"column":9},"end":{"line":11,"column":31}},"loc":{"start":{"line":11,"column":37},"end":{"line":11,"column":95}},"line":11},"1":{"name":"(anonymous_1)","decl":{"start":{"line":13,"column":17},"end":{"line":13,"column":18}},"loc":{"start":{"line":13,"column":37},"end":{"line":34,"column":1}},"line":13},"2":{"name":"(anonymous_2)","decl":{"start":{"line":15,"column":102},"end":{"line":15,"column":103}},"loc":{"start":{"line":15,"column":125},"end":{"line":33,"column":2}},"line":15},"3":{"name":"(anonymous_3)","decl":{"start":{"line":23,"column":35},"end":{"line":23,"column":36}},"loc":{"start":{"line":23,"column":50},"end":{"line":26,"column":4}},"line":23}},"branchMap":{"0":{"loc":{"start":{"line":11,"column":46},"end":{"line":11,"column":92}},"type":"cond-expr","locations":[{"start":{"line":11,"column":70},"end":{"line":11,"column":73}},{"start":{"line":11,"column":76},"end":{"line":11,"column":92}}],"line":11},"1":{"loc":{"start":{"line":11,"column":46},"end":{"line":11,"column":67}},"type":"binary-expr","locations":[{"start":{"line":11,"column":46},"end":{"line":11,"column":49}},{"start":{"line":11,"column":53},"end":{"line":11,"column":67}}],"line":11},"2":{"loc":{"start":{"line":18,"column":2},"end":{"line":32,"column":3}},"type":"if","locations":[{"start":{"line":18,"column":2},"end":{"line":32,"column":3}},{"start":{"line":18,"column":2},"end":{"line":32,"column":3}}],"line":18}},"s":{"0":1,"1":1,"2":1,"3":1,"4":2,"5":1,"6":0,"7":0,"8":0,"9":0,"10":0,"11":0,"12":0,"13":0,"14":0,"15":0,"16":0},"f":{"0":2,"1":0,"2":0,"3":0},"b":{"0":[0,2],"1":[2,2],"2":[0,0]},"_coverageSchema":"332fd63041d2c1bcb487cc26dd0d5f7d97098a6c","hash":"6942a7558b6956d4db17185a98d9176de3ca7e5d","contentHash":"0466f0c9b8852e1c112dcc9bb6d0ded8_11.2.1"},"/home/traning/Desktop/25sep/server/routes/register/index.js":{"path":"/home/traning/Desktop/25sep/server/routes/register/index.js","statementMap":{"0":{"start":{"line":3,"column":0},"end":{"line":5,"column":3}},"1":{"start":{"line":7,"column":15},"end":{"line":7,"column":33}},"2":{"start":{"line":9,"column":16},"end":{"line":9,"column":48}},"3":{"start":{"line":11,"column":16},"end":{"line":11,"column":37}},"4":{"start":{"line":13,"column":17},"end":{"line":13,"column":50}},"5":{"start":{"line":15,"column":39},"end":{"line":15,"column":93}},"6":{"start":{"line":17,"column":13},"end":{"line":17,"column":39}},"7":{"start":{"line":19,"column":0},"end":{"line":19,"column":37}},"8":{"start":{"line":21,"column":0},"end":{"line":21,"column":25}}},"fnMap":{"0":{"name":"_interopRequireDefault","decl":{"start":{"line":15,"column":9},"end":{"line":15,"column":31}},"loc":{"start":{"line":15,"column":37},"end":{"line":15,"column":95}},"line":15}},"branchMap":{"0":{"loc":{"start":{"line":15,"column":46},"end":{"line":15,"column":92}},"type":"cond-expr","locations":[{"start":{"line":15,"column":70},"end":{"line":15,"column":73}},{"start":{"line":15,"column":76},"end":{"line":15,"column":92}}],"line":15},"1":{"loc":{"start":{"line":15,"column":46},"end":{"line":15,"column":67}},"type":"binary-expr","locations":[{"start":{"line":15,"column":46},"end":{"line":15,"column":49}},{"start":{"line":15,"column":53},"end":{"line":15,"column":67}}],"line":15}},"s":{"0":1,"1":1,"2":1,"3":1,"4":1,"5":2,"6":1,"7":1,"8":1},"f":{"0":2},"b":{"0":[0,2],"1":[2,2]},"_coverageSchema":"332fd63041d2c1bcb487cc26dd0d5f7d97098a6c","hash":"e3bc78cbe55b5e2ea517160150f3f16307b6d21f","contentHash":"842cf464c1fe73477a6770537d6b4a32_11.2.1"},"/home/traning/Desktop/25sep/server/routes/register/register.js":{"path":"/home/traning/Desktop/25sep/server/routes/register/register.js","statementMap":{"0":{"start":{"line":3,"column":15},"end":{"line":3,"column":33}},"1":{"start":{"line":5,"column":16},"end":{"line":5,"column":48}},"2":{"start":{"line":7,"column":14},"end":{"line":7,"column":43}},"3":{"start":{"line":9,"column":15},"end":{"line":9,"column":46}},"4":{"start":{"line":11,"column":11},"end":{"line":11,"column":45}},"5":{"start":{"line":13,"column":12},"end":{"line":13,"column":40}},"6":{"start":{"line":15,"column":14},"end":{"line":15,"column":37}},"7":{"start":{"line":17,"column":15},"end":{"line":17,"column":46}},"8":{"start":{"line":19,"column":39},"end":{"line":19,"column":93}},"9":{"start":{"line":21,"column":0},"end":{"line":49,"column":2}},"10":{"start":{"line":22,"column":1},"end":{"line":22,"column":22}},"11":{"start":{"line":23,"column":1},"end":{"line":23,"column":73}},"12":{"start":{"line":24,"column":1},"end":{"line":48,"column":4}},"13":{"start":{"line":26,"column":2},"end":{"line":47,"column":3}},"14":{"start":{"line":27,"column":3},"end":{"line":27,"column":48}},"15":{"start":{"line":28,"column":3},"end":{"line":28,"column":28}},"16":{"start":{"line":29,"column":3},"end":{"line":29,"column":45}},"17":{"start":{"line":31,"column":3},"end":{"line":31,"column":37}},"18":{"start":{"line":32,"column":14},"end":{"line":32,"column":36}},"19":{"start":{"line":33,"column":3},"end":{"line":33,"column":37}},"20":{"start":{"line":34,"column":3},"end":{"line":34,"column":37}},"21":{"start":{"line":35,"column":3},"end":{"line":35,"column":31}},"22":{"start":{"line":36,"column":3},"end":{"line":36,"column":35}},"23":{"start":{"line":37,"column":3},"end":{"line":37,"column":27}},"24":{"start":{"line":38,"column":3},"end":{"line":46,"column":6}},"25":{"start":{"line":39,"column":4},"end":{"line":45,"column":5}},"26":{"start":{"line":40,"column":5},"end":{"line":40,"column":42}},"27":{"start":{"line":41,"column":5},"end":{"line":41,"column":102}},"28":{"start":{"line":43,"column":5},"end":{"line":43,"column":50}},"29":{"start":{"line":44,"column":5},"end":{"line":44,"column":22}}},"fnMap":{"0":{"name":"_interopRequireDefault","decl":{"start":{"line":19,"column":9},"end":{"line":19,"column":31}},"loc":{"start":{"line":19,"column":37},"end":{"line":19,"column":95}},"line":19},"1":{"name":"(anonymous_1)","decl":{"start":{"line":21,"column":17},"end":{"line":21,"column":18}},"loc":{"start":{"line":21,"column":37},"end":{"line":49,"column":1}},"line":21},"2":{"name":"(anonymous_2)","decl":{"start":{"line":24,"column":52},"end":{"line":24,"column":53}},"loc":{"start":{"line":24,"column":75},"end":{"line":48,"column":2}},"line":24},"3":{"name":"(anonymous_3)","decl":{"start":{"line":38,"column":13},"end":{"line":38,"column":14}},"loc":{"start":{"line":38,"column":36},"end":{"line":46,"column":4}},"line":38}},"branchMap":{"0":{"loc":{"start":{"line":19,"column":46},"end":{"line":19,"column":92}},"type":"cond-expr","locations":[{"start":{"line":19,"column":70},"end":{"line":19,"column":73}},{"start":{"line":19,"column":76},"end":{"line":19,"column":92}}],"line":19},"1":{"loc":{"start":{"line":19,"column":46},"end":{"line":19,"column":67}},"type":"binary-expr","locations":[{"start":{"line":19,"column":46},"end":{"line":19,"column":49}},{"start":{"line":19,"column":53},"end":{"line":19,"column":67}}],"line":19},"2":{"loc":{"start":{"line":26,"column":2},"end":{"line":47,"column":3}},"type":"if","locations":[{"start":{"line":26,"column":2},"end":{"line":47,"column":3}},{"start":{"line":26,"column":2},"end":{"line":47,"column":3}}],"line":26},"3":{"loc":{"start":{"line":39,"column":4},"end":{"line":45,"column":5}},"type":"if","locations":[{"start":{"line":39,"column":4},"end":{"line":45,"column":5}},{"start":{"line":39,"column":4},"end":{"line":45,"column":5}}],"line":39}},"s":{"0":1,"1":1,"2":1,"3":1,"4":1,"5":1,"6":1,"7":1,"8":4,"9":1,"10":5,"11":5,"12":5,"13":5,"14":0,"15":0,"16":0,"17":5,"18":5,"19":5,"20":5,"21":5,"22":5,"23":5,"24":5,"25":5,"26":0,"27":0,"28":5,"29":5},"f":{"0":4,"1":5,"2":5,"3":5},"b":{"0":[2,2],"1":[4,4],"2":[0,5],"3":[0,5]},"_coverageSchema":"332fd63041d2c1bcb487cc26dd0d5f7d97098a6c","hash":"ab8d507913051836df3b6b37de0970e7bcc615e4","contentHash":"765dacc01294edb1fefcced4a45b266b_11.2.1"},"/home/traning/Desktop/25sep/server/routes/login/index.js":{"path":"/home/traning/Desktop/25sep/server/routes/login/index.js","statementMap":{"0":{"start":{"line":3,"column":0},"end":{"line":5,"column":3}},"1":{"start":{"line":7,"column":15},"end":{"line":7,"column":33}},"2":{"start":{"line":9,"column":16},"end":{"line":9,"column":48}},"3":{"start":{"line":11,"column":13},"end":{"line":11,"column":31}},"4":{"start":{"line":13,"column":14},"end":{"line":13,"column":44}},"5":{"start":{"line":15,"column":39},"end":{"line":15,"column":93}},"6":{"start":{"line":17,"column":13},"end":{"line":17,"column":39}},"7":{"start":{"line":19,"column":0},"end":{"line":19,"column":34}},"8":{"start":{"line":21,"column":0},"end":{"line":21,"column":25}}},"fnMap":{"0":{"name":"_interopRequireDefault","decl":{"start":{"line":15,"column":9},"end":{"line":15,"column":31}},"loc":{"start":{"line":15,"column":37},"end":{"line":15,"column":95}},"line":15}},"branchMap":{"0":{"loc":{"start":{"line":15,"column":46},"end":{"line":15,"column":92}},"type":"cond-expr","locations":[{"start":{"line":15,"column":70},"end":{"line":15,"column":73}},{"start":{"line":15,"column":76},"end":{"line":15,"column":92}}],"line":15},"1":{"loc":{"start":{"line":15,"column":46},"end":{"line":15,"column":67}},"type":"binary-expr","locations":[{"start":{"line":15,"column":46},"end":{"line":15,"column":49}},{"start":{"line":15,"column":53},"end":{"line":15,"column":67}}],"line":15}},"s":{"0":1,"1":1,"2":1,"3":1,"4":1,"5":2,"6":1,"7":1,"8":1},"f":{"0":2},"b":{"0":[0,2],"1":[2,2]},"_coverageSchema":"332fd63041d2c1bcb487cc26dd0d5f7d97098a6c","hash":"d48e25b191f39b29cd16303fa9c20ad7f96218f9","contentHash":"86beee25a71e28c7703facfc2564b33a_11.2.1"},"/home/traning/Desktop/25sep/server/routes/login/login.js":{"path":"/home/traning/Desktop/25sep/server/routes/login/login.js","statementMap":{"0":{"start":{"line":3,"column":15},"end":{"line":3,"column":33}},"1":{"start":{"line":5,"column":16},"end":{"line":5,"column":48}},"2":{"start":{"line":7,"column":14},"end":{"line":7,"column":43}},"3":{"start":{"line":9,"column":15},"end":{"line":9,"column":46}},"4":{"start":{"line":11,"column":39},"end":{"line":11,"column":93}},"5":{"start":{"line":13,"column":0},"end":{"line":26,"column":2}},"6":{"start":{"line":14,"column":1},"end":{"line":25,"column":4}},"7":{"start":{"line":15,"column":2},"end":{"line":24,"column":3}},"8":{"start":{"line":17,"column":3},"end":{"line":23,"column":6}},"9":{"start":{"line":18,"column":4},"end":{"line":22,"column":5}},"10":{"start":{"line":19,"column":5},"end":{"line":19,"column":19}},"11":{"start":{"line":21,"column":5},"end":{"line":21,"column":22}}},"fnMap":{"0":{"name":"_interopRequireDefault","decl":{"start":{"line":11,"column":9},"end":{"line":11,"column":31}},"loc":{"start":{"line":11,"column":37},"end":{"line":11,"column":95}},"line":11},"1":{"name":"(anonymous_1)","decl":{"start":{"line":13,"column":17},"end":{"line":13,"column":18}},"loc":{"start":{"line":13,"column":37},"end":{"line":26,"column":1}},"line":13},"2":{"name":"(anonymous_2)","decl":{"start":{"line":14,"column":52},"end":{"line":14,"column":53}},"loc":{"start":{"line":14,"column":75},"end":{"line":25,"column":2}},"line":14},"3":{"name":"(anonymous_3)","decl":{"start":{"line":17,"column":85},"end":{"line":17,"column":86}},"loc":{"start":{"line":17,"column":108},"end":{"line":23,"column":4}},"line":17}},"branchMap":{"0":{"loc":{"start":{"line":11,"column":46},"end":{"line":11,"column":92}},"type":"cond-expr","locations":[{"start":{"line":11,"column":70},"end":{"line":11,"column":73}},{"start":{"line":11,"column":76},"end":{"line":11,"column":92}}],"line":11},"1":{"loc":{"start":{"line":11,"column":46},"end":{"line":11,"column":67}},"type":"binary-expr","locations":[{"start":{"line":11,"column":46},"end":{"line":11,"column":49}},{"start":{"line":11,"column":53},"end":{"line":11,"column":67}}],"line":11},"2":{"loc":{"start":{"line":15,"column":2},"end":{"line":24,"column":3}},"type":"if","locations":[{"start":{"line":15,"column":2},"end":{"line":24,"column":3}},{"start":{"line":15,"column":2},"end":{"line":24,"column":3}}],"line":15},"3":{"loc":{"start":{"line":18,"column":4},"end":{"line":22,"column":5}},"type":"if","locations":[{"start":{"line":18,"column":4},"end":{"line":22,"column":5}},{"start":{"line":18,"column":4},"end":{"line":22,"column":5}}],"line":18}},"s":{"0":1,"1":1,"2":1,"3":1,"4":2,"5":1,"6":2,"7":2,"8":2,"9":2,"10":0,"11":2},"f":{"0":2,"1":2,"2":2,"3":2},"b":{"0":[0,2],"1":[2,2],"2":[2,0],"3":[0,2]},"_coverageSchema":"332fd63041d2c1bcb487cc26dd0d5f7d97098a6c","hash":"2e2c5baab4fbae60e0f6bc2860f688e10b06af3b","contentHash":"612efd8567dc5c08ac85f945e8218d94_11.2.1"},"/home/traning/Desktop/25sep/server/routes/resetpassword/index.js":{"path":"/home/traning/Desktop/25sep/server/routes/resetpassword/index.js","statementMap":{"0":{"start":{"line":3,"column":0},"end":{"line":5,"column":3}},"1":{"start":{"line":7,"column":15},"end":{"line":7,"column":33}},"2":{"start":{"line":9,"column":16},"end":{"line":9,"column":48}},"3":{"start":{"line":11,"column":21},"end":{"line":11,"column":47}},"4":{"start":{"line":13,"column":22},"end":{"line":13,"column":60}},"5":{"start":{"line":15,"column":39},"end":{"line":15,"column":93}},"6":{"start":{"line":17,"column":13},"end":{"line":17,"column":39}},"7":{"start":{"line":19,"column":0},"end":{"line":19,"column":42}},"8":{"start":{"line":21,"column":0},"end":{"line":21,"column":25}}},"fnMap":{"0":{"name":"_interopRequireDefault","decl":{"start":{"line":15,"column":9},"end":{"line":15,"column":31}},"loc":{"start":{"line":15,"column":37},"end":{"line":15,"column":95}},"line":15}},"branchMap":{"0":{"loc":{"start":{"line":15,"column":46},"end":{"line":15,"column":92}},"type":"cond-expr","locations":[{"start":{"line":15,"column":70},"end":{"line":15,"column":73}},{"start":{"line":15,"column":76},"end":{"line":15,"column":92}}],"line":15},"1":{"loc":{"start":{"line":15,"column":46},"end":{"line":15,"column":67}},"type":"binary-expr","locations":[{"start":{"line":15,"column":46},"end":{"line":15,"column":49}},{"start":{"line":15,"column":53},"end":{"line":15,"column":67}}],"line":15}},"s":{"0":1,"1":1,"2":1,"3":1,"4":1,"5":2,"6":1,"7":1,"8":1},"f":{"0":2},"b":{"0":[0,2],"1":[2,2]},"_coverageSchema":"332fd63041d2c1bcb487cc26dd0d5f7d97098a6c","hash":"b36797b127311608cea65f0de4fb3c970692c251","contentHash":"756ebab4a075a62b176cbad28ede4b70_11.2.1"},"/home/traning/Desktop/25sep/server/routes/resetpassword/resetPassword.js":{"path":"/home/traning/Desktop/25sep/server/routes/resetpassword/resetPassword.js","statementMap":{"0":{"start":{"line":3,"column":15},"end":{"line":3,"column":33}},"1":{"start":{"line":5,"column":16},"end":{"line":5,"column":48}},"2":{"start":{"line":7,"column":14},"end":{"line":7,"column":43}},"3":{"start":{"line":9,"column":15},"end":{"line":9,"column":46}},"4":{"start":{"line":11,"column":39},"end":{"line":11,"column":93}},"5":{"start":{"line":13,"column":0},"end":{"line":28,"column":2}},"6":{"start":{"line":14,"column":1},"end":{"line":27,"column":4}},"7":{"start":{"line":15,"column":2},"end":{"line":26,"column":3}},"8":{"start":{"line":16,"column":3},"end":{"line":23,"column":6}},"9":{"start":{"line":18,"column":4},"end":{"line":22,"column":5}},"10":{"start":{"line":19,"column":5},"end":{"line":19,"column":19}},"11":{"start":{"line":21,"column":5},"end":{"line":21,"column":22}},"12":{"start":{"line":25,"column":3},"end":{"line":25,"column":46}}},"fnMap":{"0":{"name":"_interopRequireDefault","decl":{"start":{"line":11,"column":9},"end":{"line":11,"column":31}},"loc":{"start":{"line":11,"column":37},"end":{"line":11,"column":95}},"line":11},"1":{"name":"(anonymous_1)","decl":{"start":{"line":13,"column":17},"end":{"line":13,"column":18}},"loc":{"start":{"line":13,"column":37},"end":{"line":28,"column":1}},"line":13},"2":{"name":"(anonymous_2)","decl":{"start":{"line":14,"column":52},"end":{"line":14,"column":53}},"loc":{"start":{"line":14,"column":75},"end":{"line":27,"column":2}},"line":14},"3":{"name":"(anonymous_3)","decl":{"start":{"line":16,"column":101},"end":{"line":16,"column":102}},"loc":{"start":{"line":16,"column":124},"end":{"line":23,"column":4}},"line":16}},"branchMap":{"0":{"loc":{"start":{"line":11,"column":46},"end":{"line":11,"column":92}},"type":"cond-expr","locations":[{"start":{"line":11,"column":70},"end":{"line":11,"column":73}},{"start":{"line":11,"column":76},"end":{"line":11,"column":92}}],"line":11},"1":{"loc":{"start":{"line":11,"column":46},"end":{"line":11,"column":67}},"type":"binary-expr","locations":[{"start":{"line":11,"column":46},"end":{"line":11,"column":49}},{"start":{"line":11,"column":53},"end":{"line":11,"column":67}}],"line":11},"2":{"loc":{"start":{"line":15,"column":2},"end":{"line":26,"column":3}},"type":"if","locations":[{"start":{"line":15,"column":2},"end":{"line":26,"column":3}},{"start":{"line":15,"column":2},"end":{"line":26,"column":3}}],"line":15},"3":{"loc":{"start":{"line":18,"column":4},"end":{"line":22,"column":5}},"type":"if","locations":[{"start":{"line":18,"column":4},"end":{"line":22,"column":5}},{"start":{"line":18,"column":4},"end":{"line":22,"column":5}}],"line":18}},"s":{"0":1,"1":1,"2":1,"3":1,"4":2,"5":1,"6":6,"7":6,"8":6,"9":6,"10":0,"11":6,"12":0},"f":{"0":2,"1":6,"2":6,"3":6},"b":{"0":[0,2],"1":[2,2],"2":[6,0],"3":[0,6]},"_coverageSchema":"332fd63041d2c1bcb487cc26dd0d5f7d97098a6c","hash":"af079074944c4ddd63f62dca9690c3d9ad0e0bd2","contentHash":"88c0f89f328ca365b7d8c71ff0c0aa43_11.2.1"},"/home/traning/Desktop/25sep/server/routes/category/index.js":{"path":"/home/traning/Desktop/25sep/server/routes/category/index.js","statementMap":{"0":{"start":{"line":3,"column":0},"end":{"line":5,"column":3}},"1":{"start":{"line":7,"column":15},"end":{"line":7,"column":33}},"2":{"start":{"line":9,"column":16},"end":{"line":9,"column":48}},"3":{"start":{"line":11,"column":19},"end":{"line":11,"column":43}},"4":{"start":{"line":13,"column":20},"end":{"line":13,"column":56}},"5":{"start":{"line":15,"column":22},"end":{"line":15,"column":49}},"6":{"start":{"line":17,"column":23},"end":{"line":17,"column":62}},"7":{"start":{"line":19,"column":19},"end":{"line":19,"column":43}},"8":{"start":{"line":21,"column":20},"end":{"line":21,"column":56}},"9":{"start":{"line":23,"column":39},"end":{"line":23,"column":93}},"10":{"start":{"line":25,"column":13},"end":{"line":25,"column":39}},"11":{"start":{"line":27,"column":0},"end":{"line":27,"column":51}},"12":{"start":{"line":28,"column":0},"end":{"line":28,"column":57}},"13":{"start":{"line":29,"column":0},"end":{"line":29,"column":51}},"14":{"start":{"line":31,"column":0},"end":{"line":31,"column":25}}},"fnMap":{"0":{"name":"_interopRequireDefault","decl":{"start":{"line":23,"column":9},"end":{"line":23,"column":31}},"loc":{"start":{"line":23,"column":37},"end":{"line":23,"column":95}},"line":23}},"branchMap":{"0":{"loc":{"start":{"line":23,"column":46},"end":{"line":23,"column":92}},"type":"cond-expr","locations":[{"start":{"line":23,"column":70},"end":{"line":23,"column":73}},{"start":{"line":23,"column":76},"end":{"line":23,"column":92}}],"line":23},"1":{"loc":{"start":{"line":23,"column":46},"end":{"line":23,"column":67}},"type":"binary-expr","locations":[{"start":{"line":23,"column":46},"end":{"line":23,"column":49}},{"start":{"line":23,"column":53},"end":{"line":23,"column":67}}],"line":23}},"s":{"0":1,"1":1,"2":1,"3":1,"4":1,"5":1,"6":1,"7":1,"8":1,"9":4,"10":1,"11":1,"12":1,"13":1,"14":1},"f":{"0":4},"b":{"0":[0,4],"1":[4,4]},"_coverageSchema":"332fd63041d2c1bcb487cc26dd0d5f7d97098a6c","hash":"f8d8e029d668026aa55b075181207efea63de8e3","contentHash":"c94b436c8f727a7ecd36421dcd6a84f3_11.2.1"},"/home/traning/Desktop/25sep/server/routes/category/addcategory.js":{"path":"/home/traning/Desktop/25sep/server/routes/category/addcategory.js","statementMap":{"0":{"start":{"line":3,"column":15},"end":{"line":3,"column":33}},"1":{"start":{"line":5,"column":16},"end":{"line":5,"column":48}},"2":{"start":{"line":7,"column":14},"end":{"line":7,"column":43}},"3":{"start":{"line":9,"column":15},"end":{"line":9,"column":46}},"4":{"start":{"line":11,"column":39},"end":{"line":11,"column":93}},"5":{"start":{"line":13,"column":0},"end":{"line":32,"column":2}},"6":{"start":{"line":15,"column":19},"end":{"line":15,"column":53}},"7":{"start":{"line":17,"column":2},"end":{"line":31,"column":5}},"8":{"start":{"line":19,"column":4},"end":{"line":30,"column":5}},"9":{"start":{"line":20,"column":6},"end":{"line":20,"column":46}},"10":{"start":{"line":22,"column":6},"end":{"line":29,"column":9}},"11":{"start":{"line":24,"column":8},"end":{"line":28,"column":9}},"12":{"start":{"line":25,"column":10},"end":{"line":25,"column":24}},"13":{"start":{"line":27,"column":10},"end":{"line":27,"column":27}}},"fnMap":{"0":{"name":"_interopRequireDefault","decl":{"start":{"line":11,"column":9},"end":{"line":11,"column":31}},"loc":{"start":{"line":11,"column":37},"end":{"line":11,"column":95}},"line":11},"1":{"name":"(anonymous_1)","decl":{"start":{"line":13,"column":17},"end":{"line":13,"column":18}},"loc":{"start":{"line":13,"column":37},"end":{"line":32,"column":1}},"line":13},"2":{"name":"(anonymous_2)","decl":{"start":{"line":18,"column":75},"end":{"line":18,"column":76}},"loc":{"start":{"line":18,"column":98},"end":{"line":31,"column":3}},"line":18},"3":{"name":"(anonymous_3)","decl":{"start":{"line":23,"column":76},"end":{"line":23,"column":77}},"loc":{"start":{"line":23,"column":99},"end":{"line":29,"column":7}},"line":23}},"branchMap":{"0":{"loc":{"start":{"line":11,"column":46},"end":{"line":11,"column":92}},"type":"cond-expr","locations":[{"start":{"line":11,"column":70},"end":{"line":11,"column":73}},{"start":{"line":11,"column":76},"end":{"line":11,"column":92}}],"line":11},"1":{"loc":{"start":{"line":11,"column":46},"end":{"line":11,"column":67}},"type":"binary-expr","locations":[{"start":{"line":11,"column":46},"end":{"line":11,"column":49}},{"start":{"line":11,"column":53},"end":{"line":11,"column":67}}],"line":11},"2":{"loc":{"start":{"line":19,"column":4},"end":{"line":30,"column":5}},"type":"if","locations":[{"start":{"line":19,"column":4},"end":{"line":30,"column":5}},{"start":{"line":19,"column":4},"end":{"line":30,"column":5}}],"line":19},"3":{"loc":{"start":{"line":24,"column":8},"end":{"line":28,"column":9}},"type":"if","locations":[{"start":{"line":24,"column":8},"end":{"line":28,"column":9}},{"start":{"line":24,"column":8},"end":{"line":28,"column":9}}],"line":24}},"s":{"0":1,"1":1,"2":1,"3":1,"4":2,"5":1,"6":3,"7":3,"8":3,"9":0,"10":3,"11":3,"12":0,"13":3},"f":{"0":2,"1":3,"2":3,"3":3},"b":{"0":[0,2],"1":[2,2],"2":[0,3],"3":[0,3]},"_coverageSchema":"332fd63041d2c1bcb487cc26dd0d5f7d97098a6c","hash":"90e52064c3ec353f5c020f392503a8dc508d6790","contentHash":"1714f5fc94e7cb5fd77dbfd55dca361b_11.2.1"},"/home/traning/Desktop/25sep/server/routes/category/deletecategory.js":{"path":"/home/traning/Desktop/25sep/server/routes/category/deletecategory.js","statementMap":{"0":{"start":{"line":3,"column":15},"end":{"line":3,"column":33}},"1":{"start":{"line":5,"column":16},"end":{"line":5,"column":48}},"2":{"start":{"line":7,"column":14},"end":{"line":7,"column":43}},"3":{"start":{"line":9,"column":15},"end":{"line":9,"column":46}},"4":{"start":{"line":11,"column":39},"end":{"line":11,"column":93}},"5":{"start":{"line":13,"column":0},"end":{"line":25,"column":2}},"6":{"start":{"line":15,"column":2},"end":{"line":24,"column":5}},"7":{"start":{"line":21,"column":4},"end":{"line":23,"column":5}},"8":{"start":{"line":21,"column":13},"end":{"line":21,"column":27}},"9":{"start":{"line":22,"column":6},"end":{"line":22,"column":23}}},"fnMap":{"0":{"name":"_interopRequireDefault","decl":{"start":{"line":11,"column":9},"end":{"line":11,"column":31}},"loc":{"start":{"line":11,"column":37},"end":{"line":11,"column":95}},"line":11},"1":{"name":"(anonymous_1)","decl":{"start":{"line":13,"column":17},"end":{"line":13,"column":18}},"loc":{"start":{"line":13,"column":37},"end":{"line":25,"column":1}},"line":13},"2":{"name":"(anonymous_2)","decl":{"start":{"line":20,"column":5},"end":{"line":20,"column":6}},"loc":{"start":{"line":20,"column":28},"end":{"line":24,"column":3}},"line":20}},"branchMap":{"0":{"loc":{"start":{"line":11,"column":46},"end":{"line":11,"column":92}},"type":"cond-expr","locations":[{"start":{"line":11,"column":70},"end":{"line":11,"column":73}},{"start":{"line":11,"column":76},"end":{"line":11,"column":92}}],"line":11},"1":{"loc":{"start":{"line":11,"column":46},"end":{"line":11,"column":67}},"type":"binary-expr","locations":[{"start":{"line":11,"column":46},"end":{"line":11,"column":49}},{"start":{"line":11,"column":53},"end":{"line":11,"column":67}}],"line":11},"2":{"loc":{"start":{"line":21,"column":4},"end":{"line":23,"column":5}},"type":"if","locations":[{"start":{"line":21,"column":4},"end":{"line":23,"column":5}},{"start":{"line":21,"column":4},"end":{"line":23,"column":5}}],"line":21}},"s":{"0":1,"1":1,"2":1,"3":1,"4":2,"5":1,"6":3,"7":3,"8":0,"9":3},"f":{"0":2,"1":3,"2":3},"b":{"0":[0,2],"1":[2,2],"2":[0,3]},"_coverageSchema":"332fd63041d2c1bcb487cc26dd0d5f7d97098a6c","hash":"9ec51297cbc9633359db7038ca4d6a539c7212fc","contentHash":"842a5398d823293c198e6ffcbbfaedf8_11.2.1"},"/home/traning/Desktop/25sep/server/routes/category/getcategory.js":{"path":"/home/traning/Desktop/25sep/server/routes/category/getcategory.js","statementMap":{"0":{"start":{"line":3,"column":15},"end":{"line":3,"column":33}},"1":{"start":{"line":5,"column":16},"end":{"line":5,"column":48}},"2":{"start":{"line":7,"column":14},"end":{"line":7,"column":43}},"3":{"start":{"line":9,"column":15},"end":{"line":9,"column":46}},"4":{"start":{"line":11,"column":39},"end":{"line":11,"column":93}},"5":{"start":{"line":13,"column":0},"end":{"line":20,"column":2}},"6":{"start":{"line":14,"column":2},"end":{"line":19,"column":5}},"7":{"start":{"line":15,"column":4},"end":{"line":18,"column":5}},"8":{"start":{"line":15,"column":13},"end":{"line":15,"column":27}},"9":{"start":{"line":16,"column":6},"end":{"line":16,"column":38}},"10":{"start":{"line":17,"column":6},"end":{"line":17,"column":35}}},"fnMap":{"0":{"name":"_interopRequireDefault","decl":{"start":{"line":11,"column":9},"end":{"line":11,"column":31}},"loc":{"start":{"line":11,"column":37},"end":{"line":11,"column":95}},"line":11},"1":{"name":"(anonymous_1)","decl":{"start":{"line":13,"column":17},"end":{"line":13,"column":18}},"loc":{"start":{"line":13,"column":37},"end":{"line":20,"column":1}},"line":13},"2":{"name":"(anonymous_2)","decl":{"start":{"line":14,"column":53},"end":{"line":14,"column":54}},"loc":{"start":{"line":14,"column":76},"end":{"line":19,"column":3}},"line":14}},"branchMap":{"0":{"loc":{"start":{"line":11,"column":46},"end":{"line":11,"column":92}},"type":"cond-expr","locations":[{"start":{"line":11,"column":70},"end":{"line":11,"column":73}},{"start":{"line":11,"column":76},"end":{"line":11,"column":92}}],"line":11},"1":{"loc":{"start":{"line":11,"column":46},"end":{"line":11,"column":67}},"type":"binary-expr","locations":[{"start":{"line":11,"column":46},"end":{"line":11,"column":49}},{"start":{"line":11,"column":53},"end":{"line":11,"column":67}}],"line":11},"2":{"loc":{"start":{"line":15,"column":4},"end":{"line":18,"column":5}},"type":"if","locations":[{"start":{"line":15,"column":4},"end":{"line":18,"column":5}},{"start":{"line":15,"column":4},"end":{"line":18,"column":5}}],"line":15}},"s":{"0":1,"1":1,"2":1,"3":1,"4":2,"5":1,"6":2,"7":2,"8":0,"9":2,"10":2},"f":{"0":2,"1":2,"2":2},"b":{"0":[0,2],"1":[2,2],"2":[0,2]},"_coverageSchema":"332fd63041d2c1bcb487cc26dd0d5f7d97098a6c","hash":"ed1fcb414ce85181f47ca3bbac460c8cdfe23ab6","contentHash":"2ecda1363d89681190ea0755607b94e6_11.2.1"},"/home/traning/Desktop/25sep/server/routes/delete/index.js":{"path":"/home/traning/Desktop/25sep/server/routes/delete/index.js","statementMap":{"0":{"start":{"line":3,"column":0},"end":{"line":5,"column":3}},"1":{"start":{"line":7,"column":15},"end":{"line":7,"column":33}},"2":{"start":{"line":9,"column":16},"end":{"line":9,"column":48}},"3":{"start":{"line":11,"column":14},"end":{"line":11,"column":33}},"4":{"start":{"line":13,"column":15},"end":{"line":13,"column":46}},"5":{"start":{"line":15,"column":39},"end":{"line":15,"column":93}},"6":{"start":{"line":17,"column":13},"end":{"line":17,"column":39}},"7":{"start":{"line":19,"column":0},"end":{"line":19,"column":35}},"8":{"start":{"line":21,"column":0},"end":{"line":21,"column":25}}},"fnMap":{"0":{"name":"_interopRequireDefault","decl":{"start":{"line":15,"column":9},"end":{"line":15,"column":31}},"loc":{"start":{"line":15,"column":37},"end":{"line":15,"column":95}},"line":15}},"branchMap":{"0":{"loc":{"start":{"line":15,"column":46},"end":{"line":15,"column":92}},"type":"cond-expr","locations":[{"start":{"line":15,"column":70},"end":{"line":15,"column":73}},{"start":{"line":15,"column":76},"end":{"line":15,"column":92}}],"line":15},"1":{"loc":{"start":{"line":15,"column":46},"end":{"line":15,"column":67}},"type":"binary-expr","locations":[{"start":{"line":15,"column":46},"end":{"line":15,"column":49}},{"start":{"line":15,"column":53},"end":{"line":15,"column":67}}],"line":15}},"s":{"0":1,"1":1,"2":1,"3":1,"4":1,"5":2,"6":1,"7":1,"8":1},"f":{"0":2},"b":{"0":[0,2],"1":[2,2]},"_coverageSchema":"332fd63041d2c1bcb487cc26dd0d5f7d97098a6c","hash":"e5e0abc9f8c9c62c5abf93706d65435c0fb997c8","contentHash":"62854b9cc58e6d8b052d23bcd0dd3c2d_11.2.1"},"/home/traning/Desktop/25sep/server/routes/delete/delete.js":{"path":"/home/traning/Desktop/25sep/server/routes/delete/delete.js","statementMap":{"0":{"start":{"line":3,"column":15},"end":{"line":3,"column":33}},"1":{"start":{"line":5,"column":16},"end":{"line":5,"column":48}},"2":{"start":{"line":7,"column":14},"end":{"line":7,"column":43}},"3":{"start":{"line":9,"column":15},"end":{"line":9,"column":46}},"4":{"start":{"line":11,"column":39},"end":{"line":11,"column":93}},"5":{"start":{"line":14,"column":0},"end":{"line":25,"column":2}},"6":{"start":{"line":16,"column":2},"end":{"line":16,"column":27}},"7":{"start":{"line":17,"column":2},"end":{"line":24,"column":5}},"8":{"start":{"line":19,"column":4},"end":{"line":23,"column":5}},"9":{"start":{"line":20,"column":6},"end":{"line":20,"column":20}},"10":{"start":{"line":22,"column":6},"end":{"line":22,"column":23}}},"fnMap":{"0":{"name":"_interopRequireDefault","decl":{"start":{"line":11,"column":9},"end":{"line":11,"column":31}},"loc":{"start":{"line":11,"column":37},"end":{"line":11,"column":95}},"line":11},"1":{"name":"(anonymous_1)","decl":{"start":{"line":14,"column":17},"end":{"line":14,"column":18}},"loc":{"start":{"line":14,"column":37},"end":{"line":25,"column":1}},"line":14},"2":{"name":"(anonymous_2)","decl":{"start":{"line":17,"column":55},"end":{"line":17,"column":56}},"loc":{"start":{"line":17,"column":78},"end":{"line":24,"column":3}},"line":17}},"branchMap":{"0":{"loc":{"start":{"line":11,"column":46},"end":{"line":11,"column":92}},"type":"cond-expr","locations":[{"start":{"line":11,"column":70},"end":{"line":11,"column":73}},{"start":{"line":11,"column":76},"end":{"line":11,"column":92}}],"line":11},"1":{"loc":{"start":{"line":11,"column":46},"end":{"line":11,"column":67}},"type":"binary-expr","locations":[{"start":{"line":11,"column":46},"end":{"line":11,"column":49}},{"start":{"line":11,"column":53},"end":{"line":11,"column":67}}],"line":11},"2":{"loc":{"start":{"line":19,"column":4},"end":{"line":23,"column":5}},"type":"if","locations":[{"start":{"line":19,"column":4},"end":{"line":23,"column":5}},{"start":{"line":19,"column":4},"end":{"line":23,"column":5}}],"line":19}},"s":{"0":1,"1":1,"2":1,"3":1,"4":2,"5":1,"6":2,"7":2,"8":2,"9":0,"10":2},"f":{"0":2,"1":2,"2":2},"b":{"0":[0,2],"1":[2,2],"2":[0,2]},"_coverageSchema":"332fd63041d2c1bcb487cc26dd0d5f7d97098a6c","hash":"0a771c735d6e2a7686d30b636fabb7908da20cc0","contentHash":"d9e27cf0a477a21ebb30fb9e6a9019c2_11.2.1"},"/home/traning/Desktop/25sep/server/routes/forget/index.js":{"path":"/home/traning/Desktop/25sep/server/routes/forget/index.js","statementMap":{"0":{"start":{"line":3,"column":0},"end":{"line":5,"column":3}},"1":{"start":{"line":7,"column":15},"end":{"line":7,"column":33}},"2":{"start":{"line":9,"column":16},"end":{"line":9,"column":48}},"3":{"start":{"line":11,"column":14},"end":{"line":11,"column":33}},"4":{"start":{"line":13,"column":15},"end":{"line":13,"column":46}},"5":{"start":{"line":15,"column":14},"end":{"line":15,"column":33}},"6":{"start":{"line":17,"column":15},"end":{"line":17,"column":46}},"7":{"start":{"line":19,"column":39},"end":{"line":19,"column":93}},"8":{"start":{"line":21,"column":13},"end":{"line":21,"column":39}},"9":{"start":{"line":23,"column":0},"end":{"line":23,"column":35}},"10":{"start":{"line":24,"column":0},"end":{"line":24,"column":34}},"11":{"start":{"line":25,"column":0},"end":{"line":25,"column":25}}},"fnMap":{"0":{"name":"_interopRequireDefault","decl":{"start":{"line":19,"column":9},"end":{"line":19,"column":31}},"loc":{"start":{"line":19,"column":37},"end":{"line":19,"column":95}},"line":19}},"branchMap":{"0":{"loc":{"start":{"line":19,"column":46},"end":{"line":19,"column":92}},"type":"cond-expr","locations":[{"start":{"line":19,"column":70},"end":{"line":19,"column":73}},{"start":{"line":19,"column":76},"end":{"line":19,"column":92}}],"line":19},"1":{"loc":{"start":{"line":19,"column":46},"end":{"line":19,"column":67}},"type":"binary-expr","locations":[{"start":{"line":19,"column":46},"end":{"line":19,"column":49}},{"start":{"line":19,"column":53},"end":{"line":19,"column":67}}],"line":19}},"s":{"0":1,"1":1,"2":1,"3":1,"4":1,"5":1,"6":1,"7":3,"8":1,"9":1,"10":1,"11":1},"f":{"0":3},"b":{"0":[0,3],"1":[3,3]},"_coverageSchema":"332fd63041d2c1bcb487cc26dd0d5f7d97098a6c","hash":"3e4afcc25e159c438d126b4ae5ac011320340f4c","contentHash":"7216ae7f6b0cf81fc4f1d797b75d3d39_11.2.1"},"/home/traning/Desktop/25sep/server/routes/forget/forget.js":{"path":"/home/traning/Desktop/25sep/server/routes/forget/forget.js","statementMap":{"0":{"start":{"line":3,"column":15},"end":{"line":3,"column":33}},"1":{"start":{"line":5,"column":16},"end":{"line":5,"column":48}},"2":{"start":{"line":7,"column":14},"end":{"line":7,"column":43}},"3":{"start":{"line":9,"column":15},"end":{"line":9,"column":46}},"4":{"start":{"line":11,"column":39},"end":{"line":11,"column":93}},"5":{"start":{"line":13,"column":0},"end":{"line":27,"column":2}},"6":{"start":{"line":16,"column":1},"end":{"line":26,"column":4}},"7":{"start":{"line":18,"column":2},"end":{"line":25,"column":3}},"8":{"start":{"line":20,"column":3},"end":{"line":20,"column":47}},"9":{"start":{"line":24,"column":3},"end":{"line":24,"column":18}}},"fnMap":{"0":{"name":"_interopRequireDefault","decl":{"start":{"line":11,"column":9},"end":{"line":11,"column":31}},"loc":{"start":{"line":11,"column":37},"end":{"line":11,"column":95}},"line":11},"1":{"name":"(anonymous_1)","decl":{"start":{"line":13,"column":17},"end":{"line":13,"column":18}},"loc":{"start":{"line":13,"column":37},"end":{"line":27,"column":1}},"line":13},"2":{"name":"(anonymous_2)","decl":{"start":{"line":16,"column":52},"end":{"line":16,"column":53}},"loc":{"start":{"line":16,"column":73},"end":{"line":26,"column":2}},"line":16}},"branchMap":{"0":{"loc":{"start":{"line":11,"column":46},"end":{"line":11,"column":92}},"type":"cond-expr","locations":[{"start":{"line":11,"column":70},"end":{"line":11,"column":73}},{"start":{"line":11,"column":76},"end":{"line":11,"column":92}}],"line":11},"1":{"loc":{"start":{"line":11,"column":46},"end":{"line":11,"column":67}},"type":"binary-expr","locations":[{"start":{"line":11,"column":46},"end":{"line":11,"column":49}},{"start":{"line":11,"column":53},"end":{"line":11,"column":67}}],"line":11},"2":{"loc":{"start":{"line":18,"column":2},"end":{"line":25,"column":3}},"type":"if","locations":[{"start":{"line":18,"column":2},"end":{"line":25,"column":3}},{"start":{"line":18,"column":2},"end":{"line":25,"column":3}}],"line":18}},"s":{"0":1,"1":1,"2":1,"3":1,"4":2,"5":1,"6":2,"7":2,"8":0,"9":2},"f":{"0":2,"1":2,"2":2},"b":{"0":[0,2],"1":[2,2],"2":[0,2]},"_coverageSchema":"332fd63041d2c1bcb487cc26dd0d5f7d97098a6c","hash":"d587e1af36c4a9068ec9dd785c695cfb542e0004","contentHash":"ff27db767fe9e81bb2746e093eedbb41_11.2.1"},"/home/traning/Desktop/25sep/server/routes/forget/change.js":{"path":"/home/traning/Desktop/25sep/server/routes/forget/change.js","statementMap":{"0":{"start":{"line":3,"column":15},"end":{"line":3,"column":33}},"1":{"start":{"line":5,"column":16},"end":{"line":5,"column":48}},"2":{"start":{"line":7,"column":14},"end":{"line":7,"column":43}},"3":{"start":{"line":9,"column":15},"end":{"line":9,"column":46}},"4":{"start":{"line":11,"column":39},"end":{"line":11,"column":93}},"5":{"start":{"line":30,"column":0},"end":{"line":40,"column":2}},"6":{"start":{"line":31,"column":1},"end":{"line":39,"column":4}},"7":{"start":{"line":34,"column":2},"end":{"line":38,"column":3}},"8":{"start":{"line":35,"column":3},"end":{"line":35,"column":20}},"9":{"start":{"line":37,"column":3},"end":{"line":37,"column":18}}},"fnMap":{"0":{"name":"_interopRequireDefault","decl":{"start":{"line":11,"column":9},"end":{"line":11,"column":31}},"loc":{"start":{"line":11,"column":37},"end":{"line":11,"column":95}},"line":11},"1":{"name":"(anonymous_1)","decl":{"start":{"line":30,"column":17},"end":{"line":30,"column":18}},"loc":{"start":{"line":30,"column":37},"end":{"line":40,"column":1}},"line":30},"2":{"name":"(anonymous_2)","decl":{"start":{"line":33,"column":49},"end":{"line":33,"column":50}},"loc":{"start":{"line":33,"column":70},"end":{"line":39,"column":2}},"line":33}},"branchMap":{"0":{"loc":{"start":{"line":11,"column":46},"end":{"line":11,"column":92}},"type":"cond-expr","locations":[{"start":{"line":11,"column":70},"end":{"line":11,"column":73}},{"start":{"line":11,"column":76},"end":{"line":11,"column":92}}],"line":11},"1":{"loc":{"start":{"line":11,"column":46},"end":{"line":11,"column":67}},"type":"binary-expr","locations":[{"start":{"line":11,"column":46},"end":{"line":11,"column":49}},{"start":{"line":11,"column":53},"end":{"line":11,"column":67}}],"line":11},"2":{"loc":{"start":{"line":34,"column":2},"end":{"line":38,"column":3}},"type":"if","locations":[{"start":{"line":34,"column":2},"end":{"line":38,"column":3}},{"start":{"line":34,"column":2},"end":{"line":38,"column":3}}],"line":34}},"s":{"0":1,"1":1,"2":1,"3":1,"4":2,"5":1,"6":2,"7":2,"8":0,"9":2},"f":{"0":2,"1":2,"2":2},"b":{"0":[0,2],"1":[2,2],"2":[0,2]},"_coverageSchema":"332fd63041d2c1bcb487cc26dd0d5f7d97098a6c","hash":"2120362aafc64526ba4aecb2333bbd3b37684e54","contentHash":"55f737762520c203e8a0186f1f9f1692_11.2.1"},"/home/traning/Desktop/25sep/server/routes/verification.js":{"path":"/home/traning/Desktop/25sep/server/routes/verification.js","statementMap":{"0":{"start":{"line":3,"column":14},"end":{"line":3,"column":32}},"1":{"start":{"line":4,"column":13},"end":{"line":4,"column":29}},"2":{"start":{"line":5,"column":17},"end":{"line":5,"column":38}},"3":{"start":{"line":6,"column":13},"end":{"line":6,"column":30}},"4":{"start":{"line":8,"column":13},"end":{"line":8,"column":17}},"5":{"start":{"line":9,"column":12},"end":{"line":9,"column":16}},"6":{"start":{"line":11,"column":0},"end":{"line":11,"column":33}},"7":{"start":{"line":15,"column":2},"end":{"line":15,"column":49}},"8":{"start":{"line":16,"column":2},"end":{"line":16,"column":48}},"9":{"start":{"line":17,"column":20},"end":{"line":23,"column":4}},"10":{"start":{"line":24,"column":20},"end":{"line":29,"column":3}},"11":{"start":{"line":31,"column":2},"end":{"line":38,"column":5}},"12":{"start":{"line":32,"column":4},"end":{"line":37,"column":5}},"13":{"start":{"line":33,"column":6},"end":{"line":33,"column":25}},"14":{"start":{"line":35,"column":6},"end":{"line":35,"column":77}},"15":{"start":{"line":36,"column":6},"end":{"line":36,"column":30}},"16":{"start":{"line":41,"column":0},"end":{"line":41,"column":31}},"17":{"start":{"line":44,"column":16},"end":{"line":44,"column":21}},"18":{"start":{"line":46,"column":2},"end":{"line":46,"column":46}},"19":{"start":{"line":46,"column":31},"end":{"line":46,"column":46}},"20":{"start":{"line":48,"column":2},"end":{"line":48,"column":23}},"21":{"start":{"line":49,"column":2},"end":{"line":49,"column":20}},"22":{"start":{"line":52,"column":0},"end":{"line":52,"column":24}}},"fnMap":{"0":{"name":"avmailSend","decl":{"start":{"line":13,"column":9},"end":{"line":13,"column":19}},"loc":{"start":{"line":13,"column":30},"end":{"line":39,"column":1}},"line":13},"1":{"name":"(anonymous_1)","decl":{"start":{"line":31,"column":36},"end":{"line":31,"column":37}},"loc":{"start":{"line":31,"column":59},"end":{"line":38,"column":3}},"line":31},"2":{"name":"avmailGet","decl":{"start":{"line":43,"column":9},"end":{"line":43,"column":18}},"loc":{"start":{"line":43,"column":29},"end":{"line":50,"column":1}},"line":43}},"branchMap":{"0":{"loc":{"start":{"line":32,"column":4},"end":{"line":37,"column":5}},"type":"if","locations":[{"start":{"line":32,"column":4},"end":{"line":37,"column":5}},{"start":{"line":32,"column":4},"end":{"line":37,"column":5}}],"line":32},"1":{"loc":{"start":{"line":46,"column":2},"end":{"line":46,"column":46}},"type":"if","locations":[{"start":{"line":46,"column":2},"end":{"line":46,"column":46}},{"start":{"line":46,"column":2},"end":{"line":46,"column":46}}],"line":46}},"s":{"0":1,"1":1,"2":1,"3":1,"4":1,"5":1,"6":1,"7":0,"8":0,"9":0,"10":0,"11":0,"12":0,"13":0,"14":0,"15":0,"16":1,"17":0,"18":0,"19":0,"20":0,"21":0,"22":1},"f":{"0":0,"1":0,"2":0},"b":{"0":[0,0],"1":[0,0]},"_coverageSchema":"332fd63041d2c1bcb487cc26dd0d5f7d97098a6c","hash":"7323170761ff8c2e747259d3f929d70bc9ffd271","contentHash":"c6ebb56dd53ae797282d3e1ef890d34d_11.2.1"},"/home/traning/Desktop/25sep/server/routes/mailer/index.js":{"path":"/home/traning/Desktop/25sep/server/routes/mailer/index.js","statementMap":{"0":{"start":{"line":3,"column":0},"end":{"line":5,"column":3}},"1":{"start":{"line":7,"column":15},"end":{"line":7,"column":33}},"2":{"start":{"line":9,"column":16},"end":{"line":9,"column":48}},"3":{"start":{"line":11,"column":16},"end":{"line":11,"column":37}},"4":{"start":{"line":13,"column":17},"end":{"line":13,"column":50}},"5":{"start":{"line":15,"column":39},"end":{"line":15,"column":93}},"6":{"start":{"line":17,"column":13},"end":{"line":17,"column":39}},"7":{"start":{"line":19,"column":0},"end":{"line":19,"column":37}},"8":{"start":{"line":20,"column":0},"end":{"line":20,"column":25}}},"fnMap":{"0":{"name":"_interopRequireDefault","decl":{"start":{"line":15,"column":9},"end":{"line":15,"column":31}},"loc":{"start":{"line":15,"column":37},"end":{"line":15,"column":95}},"line":15}},"branchMap":{"0":{"loc":{"start":{"line":15,"column":46},"end":{"line":15,"column":92}},"type":"cond-expr","locations":[{"start":{"line":15,"column":70},"end":{"line":15,"column":73}},{"start":{"line":15,"column":76},"end":{"line":15,"column":92}}],"line":15},"1":{"loc":{"start":{"line":15,"column":46},"end":{"line":15,"column":67}},"type":"binary-expr","locations":[{"start":{"line":15,"column":46},"end":{"line":15,"column":49}},{"start":{"line":15,"column":53},"end":{"line":15,"column":67}}],"line":15}},"s":{"0":1,"1":1,"2":1,"3":1,"4":1,"5":2,"6":1,"7":1,"8":1},"f":{"0":2},"b":{"0":[0,2],"1":[2,2]},"_coverageSchema":"332fd63041d2c1bcb487cc26dd0d5f7d97098a6c","hash":"78160dda1db8f64d1d819049352f54c5f373e7dd","contentHash":"dde9d666d43dd90555b1b482cefa3da9_11.2.1"},"/home/traning/Desktop/25sep/server/routes/mailer/mailSend.js":{"path":"/home/traning/Desktop/25sep/server/routes/mailer/mailSend.js","statementMap":{"0":{"start":{"line":3,"column":15},"end":{"line":3,"column":33}},"1":{"start":{"line":5,"column":16},"end":{"line":5,"column":48}},"2":{"start":{"line":7,"column":18},"end":{"line":7,"column":39}},"3":{"start":{"line":9,"column":19},"end":{"line":9,"column":54}},"4":{"start":{"line":11,"column":39},"end":{"line":11,"column":93}},"5":{"start":{"line":13,"column":0},"end":{"line":38,"column":2}},"6":{"start":{"line":15,"column":20},"end":{"line":21,"column":4}},"7":{"start":{"line":22,"column":20},"end":{"line":27,"column":3}},"8":{"start":{"line":29,"column":2},"end":{"line":37,"column":5}},"9":{"start":{"line":31,"column":4},"end":{"line":36,"column":5}},"10":{"start":{"line":32,"column":6},"end":{"line":32,"column":25}},"11":{"start":{"line":34,"column":6},"end":{"line":34,"column":50}},"12":{"start":{"line":35,"column":6},"end":{"line":35,"column":30}}},"fnMap":{"0":{"name":"_interopRequireDefault","decl":{"start":{"line":11,"column":9},"end":{"line":11,"column":31}},"loc":{"start":{"line":11,"column":37},"end":{"line":11,"column":95}},"line":11},"1":{"name":"(anonymous_1)","decl":{"start":{"line":13,"column":17},"end":{"line":13,"column":18}},"loc":{"start":{"line":13,"column":37},"end":{"line":38,"column":1}},"line":13},"2":{"name":"(anonymous_2)","decl":{"start":{"line":29,"column":36},"end":{"line":29,"column":37}},"loc":{"start":{"line":29,"column":59},"end":{"line":37,"column":3}},"line":29}},"branchMap":{"0":{"loc":{"start":{"line":11,"column":46},"end":{"line":11,"column":92}},"type":"cond-expr","locations":[{"start":{"line":11,"column":70},"end":{"line":11,"column":73}},{"start":{"line":11,"column":76},"end":{"line":11,"column":92}}],"line":11},"1":{"loc":{"start":{"line":11,"column":46},"end":{"line":11,"column":67}},"type":"binary-expr","locations":[{"start":{"line":11,"column":46},"end":{"line":11,"column":49}},{"start":{"line":11,"column":53},"end":{"line":11,"column":67}}],"line":11},"2":{"loc":{"start":{"line":31,"column":4},"end":{"line":36,"column":5}},"type":"if","locations":[{"start":{"line":31,"column":4},"end":{"line":36,"column":5}},{"start":{"line":31,"column":4},"end":{"line":36,"column":5}}],"line":31}},"s":{"0":1,"1":1,"2":1,"3":1,"4":2,"5":1,"6":0,"7":0,"8":0
[...]
ymous_27)","decl":{"start":{"line":280,"column":38},"end":{"line":280,"column":39}},"loc":{"start":{"line":280,"column":53},"end":{"line":283,"column":29}},"line":280},"28":{"name":"(anonymous_28)","decl":{"start":{"line":295,"column":37},"end":{"line":295,"column":38}},"loc":{"start":{"line":295,"column":52},"end":{"line":298,"column":25}},"line":295},"29":{"name":"(anonymous_29)","decl":{"start":{"line":310,"column":26},"end":{"line":310,"column":27}},"loc":{"start":{"line":310,"column":41},"end":{"line":313,"column":17}},"line":310}},"branchMap":{"0":{"loc":{"start":{"line":49,"column":16},"end":{"line":49,"column":42}},"type":"if","locations":[{"start":{"line":49,"column":16},"end":{"line":49,"column":42}},{"start":{"line":49,"column":16},"end":{"line":49,"column":42}}],"line":49},"1":{"loc":{"start":{"line":52,"column":16},"end":{"line":52,"column":97}},"type":"if","locations":[{"start":{"line":52,"column":16},"end":{"line":52,"column":97}},{"start":{"line":52,"column":16},"end":{"line":52,"column":97}}],"line":52},"2":{"loc":{"start":{"line":54,"column":16},"end":{"line":57,"column":45}},"type":"if","locations":[{"start":{"line":54,"column":16},"end":{"line":57,"column":45}},{"start":{"line":54,"column":16},"end":{"line":57,"column":45}}],"line":54},"3":{"loc":{"start":{"line":80,"column":16},"end":{"line":80,"column":42}},"type":"if","locations":[{"start":{"line":80,"column":16},"end":{"line":80,"column":42}},{"start":{"line":80,"column":16},"end":{"line":80,"column":42}}],"line":80},"4":{"loc":{"start":{"line":83,"column":16},"end":{"line":83,"column":119}},"type":"if","locations":[{"start":{"line":83,"column":16},"end":{"line":83,"column":119}},{"start":{"line":83,"column":16},"end":{"line":83,"column":119}}],"line":83},"5":{"loc":{"start":{"line":86,"column":16},"end":{"line":108,"column":21}},"type":"if","locations":[{"start":{"line":86,"column":16},"end":{"line":108,"column":21}},{"start":{"line":86,"column":16},"end":{"line":108,"column":21}}],"line":86},"6":{"loc":{"start":{"line":91,"column":24},"end":{"line":91,"column":43}},"type":"if","locations":[{"start":{"line":91,"column":24},"end":{"line":91,"column":43}},{"start":{"line":91,"column":24},"end":{"line":91,"column":43}}],"line":91},"7":{"loc":{"start":{"line":104,"column":28},"end":{"line":104,"column":47}},"type":"if","locations":[{"start":{"line":104,"column":28},"end":{"line":104,"column":47}},{"start":{"line":104,"column":28},"end":{"line":104,"column":47}}],"line":104},"8":{"loc":{"start":{"line":131,"column":12},"end":{"line":180,"column":13}},"type":"if","locations":[{"start":{"line":131,"column":12},"end":{"line":180,"column":13}},{"start":{"line":131,"column":12},"end":{"line":180,"column":13}}],"line":131},"9":{"loc":{"start":{"line":134,"column":20},"end":{"line":134,"column":46}},"type":"if","locations":[{"start":{"line":134,"column":20},"end":{"line":134,"column":46}},{"start":{"line":134,"column":20},"end":{"line":134,"column":46}}],"line":134},"10":{"loc":{"start":{"line":136,"column":20},"end":{"line":165,"column":21}},"type":"if","locations":[{"start":{"line":136,"column":20},"end":{"line":165,"column":21}},{"start":{"line":136,"column":20},"end":{"line":165,"column":21}}],"line":136},"11":{"loc":{"start":{"line":139,"column":24},"end":{"line":149,"column":25}},"type":"if","locations":[{"start":{"line":139,"column":24},"end":{"line":149,"column":25}},{"start":{"line":139,"column":24},"end":{"line":149,"column":25}}],"line":139},"12":{"loc":{"start":{"line":146,"column":32},"end":{"line":146,"column":51}},"type":"if","locations":[{"start":{"line":146,"column":32},"end":{"line":146,"column":51}},{"start":{"line":146,"column":32},"end":{"line":146,"column":51}}],"line":146},"13":{"loc":{"start":{"line":162,"column":28},"end":{"line":162,"column":47}},"type":"if","locations":[{"start":{"line":162,"column":28},"end":{"line":162,"column":47}},{"start":{"line":162,"column":28},"end":{"line":162,"column":47}}],"line":162},"14":{"loc":{"start":{"line":177,"column":20},"end":{"line":177,"column":39}},"type":"if","locations":[{"start":{"line":177,"column":20},"end":{"line":177,"column":39}},{"start":{"line":177,"column":20},"end":{"line":177,"column":39}}],"line":177},"15":{"loc":{"start":{"line":200,"column":12},"end":{"line":247,"column":13}},"type":"if","locations":[{"start":{"line":200,"column":12},"end":{"line":247,"column":13}},{"start":{"line":200,"column":12},"end":{"line":247,"column":13}}],"line":200},"16":{"loc":{"start":{"line":203,"column":20},"end":{"line":203,"column":46}},"type":"if","locations":[{"start":{"line":203,"column":20},"end":{"line":203,"column":46}},{"start":{"line":203,"column":20},"end":{"line":203,"column":46}}],"line":203},"17":{"loc":{"start":{"line":205,"column":20},"end":{"line":232,"column":21}},"type":"if","locations":[{"start":{"line":205,"column":20},"end":{"line":232,"column":21}},{"start":{"line":205,"column":20},"end":{"line":232,"column":21}}],"line":205},"18":{"loc":{"start":{"line":207,"column":24},"end":{"line":216,"column":25}},"type":"if","locations":[{"start":{"line":207,"column":24},"end":{"line":216,"column":25}},{"start":{"line":207,"column":24},"end":{"line":216,"column":25}}],"line":207},"19":{"loc":{"start":{"line":213,"column":32},"end":{"line":213,"column":51}},"type":"if","locations":[{"start":{"line":213,"column":32},"end":{"line":213,"column":51}},{"start":{"line":213,"column":32},"end":{"line":213,"column":51}}],"line":213},"20":{"loc":{"start":{"line":229,"column":28},"end":{"line":229,"column":47}},"type":"if","locations":[{"start":{"line":229,"column":28},"end":{"line":229,"column":47}},{"start":{"line":229,"column":28},"end":{"line":229,"column":47}}],"line":229},"21":{"loc":{"start":{"line":244,"column":20},"end":{"line":244,"column":39}},"type":"if","locations":[{"start":{"line":244,"column":20},"end":{"line":244,"column":39}},{"start":{"line":244,"column":20},"end":{"line":244,"column":39}}],"line":244},"22":{"loc":{"start":{"line":267,"column":12},"end":{"line":314,"column":13}},"type":"if","locations":[{"start":{"line":267,"column":12},"end":{"line":314,"column":13}},{"start":{"line":267,"column":12},"end":{"line":314,"column":13}}],"line":267},"23":{"loc":{"start":{"line":270,"column":20},"end":{"line":270,"column":46}},"type":"if","locations":[{"start":{"line":270,"column":20},"end":{"line":270,"column":46}},{"start":{"line":270,"column":20},"end":{"line":270,"column":46}}],"line":270},"24":{"loc":{"start":{"line":272,"column":20},"end":{"line":299,"column":21}},"type":"if","locations":[{"start":{"line":272,"column":20},"end":{"line":299,"column":21}},{"start":{"line":272,"column":20},"end":{"line":299,"column":21}}],"line":272},"25":{"loc":{"start":{"line":275,"column":24},"end":{"line":284,"column":25}},"type":"if","locations":[{"start":{"line":275,"column":24},"end":{"line":284,"column":25}},{"start":{"line":275,"column":24},"end":{"line":284,"column":25}}],"line":275},"26":{"loc":{"start":{"line":281,"column":32},"end":{"line":281,"column":51}},"type":"if","locations":[{"start":{"line":281,"column":32},"end":{"line":281,"column":51}},{"start":{"line":281,"column":32},"end":{"line":281,"column":51}}],"line":281},"27":{"loc":{"start":{"line":296,"column":28},"end":{"line":296,"column":47}},"type":"if","locations":[{"start":{"line":296,"column":28},"end":{"line":296,"column":47}},{"start":{"line":296,"column":28},"end":{"line":296,"column":47}}],"line":296},"28":{"loc":{"start":{"line":311,"column":20},"end":{"line":311,"column":39}},"type":"if","locations":[{"start":{"line":311,"column":20},"end":{"line":311,"column":39}},{"start":{"line":311,"column":20},"end":{"line":311,"column":39}}],"line":311}},"s":{"0":1,"1":1,"2":1,"3":1,"4":1,"5":1,"6":1,"7":1,"8":0,"9":1,"10":0,"11":0,"12":1,"13":0,"14":0,"15":0,"16":0,"17":0,"18":0,"19":0,"20":0,"21":0,"22":1,"23":0,"24":0,"25":0,"26":0,"27":0,"28":0,"29":0,"30":0,"31":0,"32":0,"33":0,"34":0,"35":0,"36":0,"37":0,"38":0,"39":0,"40":0,"41":0,"42":0,"43":0,"44":1,"45":0,"46":0,"47":0,"48":0,"49":0,"50":0,"51":0,"52":0,"53":0,"54":0,"55":0,"56":0,"57":0,"58":0,"59":0,"60":0,"61":0,"62":0,"63":0,"64":0,"65":0,"66":0,"67":0,"68":0,"69":0,"70":0,"71":0,"72":0,"73":0,"74":0,"75":0,"76":0,"77":0,"78":0,"79":1,"80":0,"81":0,"82":0,"83":0,"84":0,"85":0,"86":0,"87":0,"88":0,"89":0,"90":0,"91":0,"92":0,"93":0,"94":0,"95":0,"96":0,"97":0,"98":0,"99":0,"100":0,"101":0,"102":0,"103":0,"104":0,"105":0,"106":0,"107":0,"108":0,"109":0,"110":0,"111":0,"112":0,"113":1,"114":0,"115":0,"116":0,"117":0,"118":0,"119":0,"120":0,"121":0,"122":0,"123":0,"124":0,"125":0,"126":0,"127":0,"128":0,"129":0,"130":0,"131":0,"132":0,"133":0,"134":0,"135":0,"136":0,"137":0,"138":0,"139":0,"140":0,"141":0,"142":0,"143":0,"144":0,"145":0,"146":0},"f":{"0":1,"1":0,"2":0,"3":0,"4":0,"5":0,"6":0,"7":0,"8":0,"9":0,"10":0,"11":0,"12":0,"13":0,"14":0,"15":0,"16":0,"17":0,"18":0,"19":0,"20":0,"21":0,"22":0,"23":0,"24":0,"25":0,"26":0,"27":0,"28":0,"29":0},"b":{"0":[0,0],"1":[0,0],"2":[0,0],"3":[0,0],"4":[0,0],"5":[0,0],"6":[0,0],"7":[0,0],"8":[0,0],"9":[0,0],"10":[0,0],"11":[0,0],"12":[0,0],"13":[0,0],"14":[0,0],"15":[0,0],"16":[0,0],"17":[0,0],"18":[0,0],"19":[0,0],"20":[0,0],"21":[0,0],"22":[0,0],"23":[0,0],"24":[0,0],"25":[0,0],"26":[0,0],"27":[0,0],"28":[0,0]},"_coverageSchema":"332fd63041d2c1bcb487cc26dd0d5f7d97098a6c","hash":"92cbf19ca58c8791c262be3af891439a8ec98e94","contentHash":"22932ebd0f94ac720686b1ea4f0268d4_11.2.1"},"/home/traning/Desktop/25sep/server/model/user.js":{"path":"/home/traning/Desktop/25sep/server/model/user.js","statementMap":{"0":{"start":{"line":4,"column":15},"end":{"line":4,"column":34}},"1":{"start":{"line":5,"column":13},"end":{"line":5,"column":37}},"2":{"start":{"line":8,"column":17},"end":{"line":33,"column":2}},"3":{"start":{"line":36,"column":0},"end":{"line":38,"column":2}},"4":{"start":{"line":37,"column":4},"end":{"line":37,"column":66}},"5":{"start":{"line":41,"column":0},"end":{"line":43,"column":2}},"6":{"start":{"line":42,"column":4},"end":{"line":42,"column":61}},"7":{"start":{"line":46,"column":0},"end":{"line":46,"column":62}}},"fnMap":{"0":{"name":"(anonymous_0)","decl":{"start":{"line":36,"column":34},"end":{"line":36,"column":35}},"loc":{"start":{"line":36,"column":54},"end":{"line":38,"column":1}},"line":36},"1":{"name":"(anonymous_1)","decl":{"start":{"line":41,"column":35},"end":{"line":41,"column":36}},"loc":{"start":{"line":41,"column":55},"end":{"line":43,"column":1}},"line":41}},"branchMap":{},"s":{"0":1,"1":1,"2":1,"3":1,"4":0,"5":1,"6":0,"7":1},"f":{"0":0,"1":0},"b":{},"_coverageSchema":"332fd63041d2c1bcb487cc26dd0d5f7d97098a6c","hash":"ff6dba784650e1c7d9231bef6b13b4fdd2244348","contentHash":"580d3f06860077206b8f8f0a3127f8d2_11.2.1"},"/home/traning/Desktop/25sep/server/config/auth.js":{"path":"/home/traning/Desktop/25sep/server/config/auth.js","statementMap":{"0":{"start":{"line":6,"column":0},"end":{"line":27,"column":2}}},"fnMap":{},"branchMap":{},"s":{"0":1},"f":{},"b":{},"_coverageSchema":"332fd63041d2c1bcb487cc26dd0d5f7d97098a6c","hash":"15bdf6354976d41212f0ec7789395194902a7bf5","contentHash":"43c0f0538fde4e319abd3dd487d9b09f_11.2.1"},"/home/traning/Desktop/25sep/server/routes/routes.js":{"path":"/home/traning/Desktop/25sep/server/routes/routes.js","statementMap":{"0":{"start":{"line":3,"column":0},"end":{"line":218,"column":2}},"1":{"start":{"line":8,"column":1},"end":{"line":10,"column":4}},"2":{"start":{"line":9,"column":2},"end":{"line":9,"column":26}},"3":{"start":{"line":13,"column":1},"end":{"line":17,"column":4}},"4":{"start":{"line":14,"column":2},"end":{"line":16,"column":5}},"5":{"start":{"line":20,"column":1},"end":{"line":23,"column":4}},"6":{"start":{"line":21,"column":2},"end":{"line":21,"column":15}},"7":{"start":{"line":22,"column":2},"end":{"line":22,"column":20}},"8":{"start":{"line":59,"column":1},"end":{"line":61,"column":4}},"9":{"start":{"line":60,"column":2},"end":{"line":60,"column":21}},"10":{"start":{"line":74,"column":1},"end":{"line":80,"column":4}},"11":{"start":{"line":77,"column":2},"end":{"line":77,"column":47}},"12":{"start":{"line":78,"column":2},"end":{"line":78,"column":53}},"13":{"start":{"line":79,"column":2},"end":{"line":79,"column":51}},"14":{"start":{"line":85,"column":1},"end":{"line":87,"column":4}},"15":{"start":{"line":86,"column":2},"end":{"line":86,"column":21}},"16":{"start":{"line":97,"column":1},"end":{"line":103,"column":4}},"17":{"start":{"line":100,"column":2},"end":{"line":100,"column":46}},"18":{"start":{"line":101,"column":2},"end":{"line":101,"column":52}},"19":{"start":{"line":102,"column":2},"end":{"line":102,"column":51}},"20":{"start":{"line":108,"column":1},"end":{"line":110,"column":5}},"21":{"start":{"line":109,"column":2},"end":{"line":109,"column":21}},"22":{"start":{"line":120,"column":1},"end":{"line":126,"column":4}},"23":{"start":{"line":123,"column":2},"end":{"line":123,"column":45}},"24":{"start":{"line":124,"column":2},"end":{"line":124,"column":51}},"25":{"start":{"line":125,"column":2},"end":{"line":125,"column":51}},"26":{"start":{"line":133,"column":1},"end":{"line":135,"column":4}},"27":{"start":{"line":134,"column":2},"end":{"line":134,"column":74}},"28":{"start":{"line":136,"column":1},"end":{"line":140,"column":5}},"29":{"start":{"line":145,"column":1},"end":{"line":145,"column":82}},"30":{"start":{"line":148,"column":1},"end":{"line":151,"column":5}},"31":{"start":{"line":156,"column":1},"end":{"line":156,"column":80}},"32":{"start":{"line":159,"column":1},"end":{"line":162,"column":5}},"33":{"start":{"line":167,"column":1},"end":{"line":167,"column":91}},"34":{"start":{"line":170,"column":1},"end":{"line":173,"column":5}},"35":{"start":{"line":183,"column":1},"end":{"line":190,"column":4}},"36":{"start":{"line":184,"column":13},"end":{"line":184,"column":21}},"37":{"start":{"line":185,"column":2},"end":{"line":185,"column":31}},"38":{"start":{"line":186,"column":2},"end":{"line":186,"column":34}},"39":{"start":{"line":187,"column":2},"end":{"line":189,"column":5}},"40":{"start":{"line":188,"column":3},"end":{"line":188,"column":28}},"41":{"start":{"line":193,"column":1},"end":{"line":199,"column":4}},"42":{"start":{"line":194,"column":13},"end":{"line":194,"column":21}},"43":{"start":{"line":195,"column":2},"end":{"line":195,"column":34}},"44":{"start":{"line":196,"column":2},"end":{"line":198,"column":5}},"45":{"start":{"line":197,"column":3},"end":{"line":197,"column":28}},"46":{"start":{"line":202,"column":1},"end":{"line":208,"column":4}},"47":{"start":{"line":203,"column":13},"end":{"line":203,"column":21}},"48":{"start":{"line":204,"column":2},"end":{"line":204,"column":33}},"49":{"start":{"line":205,"column":2},"end":{"line":207,"column":5}},"50":{"start":{"line":206,"column":3},"end":{"line":206,"column":28}},"51":{"start":{"line":211,"column":1},"end":{"line":217,"column":4}},"52":{"start":{"line":212,"column":13},"end":{"line":212,"column":21}},"53":{"start":{"line":213,"column":2},"end":{"line":213,"column":32}},"54":{"start":{"line":214,"column":2},"end":{"line":216,"column":5}},"55":{"start":{"line":215,"column":3},"end":{"line":215,"column":28}},"56":{"start":{"line":222,"column":1},"end":{"line":222,"column":42}},"57":{"start":{"line":222,"column":28},"end":{"line":222,"column":42}},"58":{"start":{"line":224,"column":1},"end":{"line":224,"column":19}}},"fnMap":{"0":{"name":"(anonymous_0)","decl":{"start":{"line":3,"column":17},"end":{"line":3,"column":18}},"loc":{"start":{"line":3,"column":42},"end":{"line":218,"column":1}},"line":3},"1":{"name":"(anonymous_1)","decl":{"start":{"line":8,"column":14},"end":{"line":8,"column":15}},"loc":{"start":{"line":8,"column":34},"end":{"line":10,"column":2}},"line":8},"2":{"name":"(anonymous_2)","decl":{"start":{"line":13,"column":33},"end":{"line":13,"column":34}},"loc":{"start":{"line":13,"column":53},"end":{"line":17,"column":2}},"line":13},"3":{"name":"(anonymous_3)","decl":{"start":{"line":20,"column":20},"end":{"line":20,"column":21}},"loc":{"start":{"line":20,"column":40},"end":{"line":23,"column":2}},"line":20},"4":{"name":"(anonymous_4)","decl":{"start":{"line":59,"column":82},"end":{"line":59,"column":83}},"loc":{"start":{"line":59,"column":102},"end":{"line":61,"column":2}},"line":59},"5":{"name":"(anonymous_5)","decl":{"start":{"line":76,"column":5},"end":{"line":76,"column":6}},"loc":{"start":{"line":76,"column":25},"end":{"line":80,"column":2}},"line":76},"6":{"name":"(anonymous_6)","decl":{"start":{"line":85,"column":80},"end":{"line":85,"column":81}},"loc":{"start":{"line":85,"column":100},"end":{"line":87,"column":2}},"line":85},"7":{"name":"(anonymous_7)","decl":{"start":{"line":99,"column":5},"end":{"line":99,"column":6}},"loc":{"start":{"line":99,"column":25},"end":{"line":103,"column":2}},"line":99},"8":{"name":"(anonymous_8)","decl":{"start":{"line":108,"column":90},"end":{"line":108,"column":91}},"loc":{"start":{"line":108,"column":110},"end":{"line":110,"column":2}},"line":108},"9":{"name":"(anonymous_9)","decl":{"start":{"line":122,"column":5},"end":{"line":122,"column":6}},"loc":{"start":{"line":122,"column":25},"end":{"line":126,"column":2}},"line":122},"10":{"name":"(anonymous_10)","decl":{"start":{"line":133,"column":27},"end":{"line":133,"column":28}},"loc":{"start":{"line":133,"column":47},"end":{"line":135,"column":2}},"line":133},"11":{"name":"(anonymous_11)","decl":{"start":{"line":183,"column":26},"end":{"line":183,"column":27}},"loc":{"start":{"line":183,"column":46},"end":{"line":190,"column":2}},"line":183},"12":{"name":"(anonymous_12)","decl":{"start":{"line":187,"column":12},"end":{"line":187,"column":13}},"loc":{"start":{"line":187,"column":27},"end":{"line":189,"column":3}},"line":187},"13":{"name":"(anonymous_13)","decl":{"start":{"line":193,"column":29},"end":{"line":193,"column":30}},"loc":{"start":{"line":193,"column":49},"end":{"line":199,"column":2}},"line":193},"14":{"name":"(anonymous_14)","decl":{"start":{"line":196,"column":12},"end":{"line":196,"column":13}},"loc":{"start":{"line":196,"column":27},"end":{"line":198,"column":3}},"line":196},"15":{"name":"(anonymous_15)","decl":{"start":{"line":202,"column":28},"end":{"line":202,"column":29}},"loc":{"start":{"line":202,"column":48},"end":{"line":208,"column":2}},"line":202},"16":{"name":"(anonymous_16)","decl":{"start":{"line":205,"column":12},"end":{"line":205,"column":13}},"loc":{"start":{"line":205,"column":27},"end":{"line":207,"column":3}},"line":205},"17":{"name":"(anonymous_17)","decl":{"start":{"line":211,"column":27},"end":{"line":211,"column":28}},"loc":{"start":{"line":211,"column":47},"end":{"line":217,"column":2}},"line":211},"18":{"name":"(anonymous_18)","decl":{"start":{"line":214,"column":12},"end":{"line":214,"column":13}},"loc":{"start":{"line":214,"column":27},"end":{"line":216,"column":3}},"line":214},"19":{"name":"isLoggedIn","decl":{"start":{"line":221,"column":9},"end":{"line":221,"column":19}},"loc":{"start":{"line":221,"column":36},"end":{"line":225,"column":1}},"line":221}},"branchMap":{"0":{"loc":{"start":{"line":222,"column":1},"end":{"line":222,"column":42}},"type":"if","locations":[{"start":{"line":222,"column":1},"end":{"line":222,"column":42}},{"start":{"line":222,"column":1},"end":{"line":222,"column":42}}],"line":222}},"s":{"0":1,"1":1,"2":0,"3":1,"4":0,"5":1,"6":0,"7":0,"8":1,"9":0,"10":1,"11":0,"12":0,"13":0,"14":1,"15":0,"16":1,"17":0,"18":0,"19":0,"20":1,"21":0,"22":1,"23":0,"24":0,"25":0,"26":1,"27":0,"28":1,"29":1,"30":1,"31":1,"32":1,"33":1,"34":1,"35":1,"36":0,"37":0,"38":0,"39":0,"40":0,"41":1,"42":0,"43":0,"44":0,"45":0,"46":1,"47":0,"48":0,"49":0,"50":0,"51":1,"52":0,"53":0,"54":0,"55":0,"56":0,"57":0,"58":0},"f":{"0":1,"1":0,"2":0,"3":0,"4":0,"5":0,"6":0,"7":0,"8":0,"9":0,"10":0,"11":0,"12":0,"13":0,"14":0,"15":0,"16":0,"17":0,"18":0,"19":0},"b":{"0":[0,0]},"_coverageSchema":"332fd63041d2c1bcb487cc26dd0d5f7d97098a6c","hash":"9f07a9cfe22fe2e898d0cc099e47bfdc393f5214","contentHash":"876f8ad07fcd1ca2648de910fb47a58c_11.2.1"}}